2026-06-17 14:27:31 [INFO] ================ 예정업무 단독 배치 시작 ================
2026-06-17 14:27:31 [INFO] [예정업무] 캐시 업데이트 시작
2026-06-17 14:27:32 [INFO] [예정업무] 성공: /home/oxisnail/work/git/sbh/script/data/mission.json (날짜 1건 / 요일 2건 완료)
2026-06-17 14:27:32 [INFO] ================ 예정업무 단독 배치 완료 ================
2026-06-17 14:55:41 [INFO] ================ 예정업무 1년치 단독 배치 시작 ================
2026-06-17 14:55:41 [INFO] [예정업무] 1년치 캐시 업데이트 시작
2026-06-17 14:55:41 [INFO] [예정업무] 기준 연도 확인 완료: 2026년
2026-06-17 14:55:42 [INFO] [예정업무] 1년치 캐시 변환 성공: /home/oxisnail/work/git/sbh/script/data/mission_2026_bio.json (총 196일 맵핑 완료)
2026-06-17 14:55:42 [INFO] ================ 예정업무 1년치 단독 배치 완료 ================
2026-06-17 15:11:07 [INFO] ================ 예정업무 1년치 단독 배치 시작 ================
2026-06-17 15:11:07 [INFO] [예정업무] 1년치 캐시 업데이트 시작
2026-06-17 15:11:07 [INFO] [예정업무] 기준 연도 확인 완료: 2026년
2026-06-17 15:11:08 [INFO] [예정업무] 1년치 캐시 변환 성공: /home/oxisnail/work/git/sbh/script/data/mission_2026_bio.json (총 196일 맵핑 완료)
2026-06-17 15:11:08 [INFO] ================ 예정업무 1년치 단독 배치 완료 ================
2026-06-17 15:18:10 [INFO] ================ 예정업무 1년치 단독 배치 시작 ================
2026-06-17 15:18:10 [INFO] [예정업무] 1년치 캐시 업데이트 시작
2026-06-17 15:18:10 [INFO] [예정업무] 기준 연도 확인 완료: 2026년
2026-06-17 15:18:11 [INFO] [예정업무] 1년치 캐시 변환 성공: /home/oxisnail/work/git/sbh/script/data/mission_2026_bio.json (총 155일 맵핑 완료)
2026-06-17 15:18:11 [INFO] ================ 예정업무 1년치 단독 배치 완료 ================
2026-06-17 15:20:00 [INFO] ================ 예정업무 1년치 단독 배치 시작 ================
2026-06-17 15:20:00 [INFO] [예정업무] 1년치 캐시 업데이트 시작
2026-06-17 15:20:00 [WARNING] [예정업무] 입력 소스 파일이 존재하지 않습니다.
경로: /home/oxisnail/work/git/sbh/script/data/mission_2026_bio.xlsx
2026-06-17 15:20:00 [ERROR] [알림] ntfy 통신 에러 발생: 'latin-1' codec can't encode characters in position 0-1: ordinal not in range(256)
2026-06-17 15:20:00 [INFO] ================ 예정업무 1년치 단독 배치 완료 ================
2026-06-17 15:22:33 [INFO] ================ 예정업무 1년치 단독 배치 시작 ================
2026-06-17 15:22:33 [INFO] [예정업무] 1년치 캐시 업데이트 시작
2026-06-17 15:22:33 [WARNING] [예정업무] 입력 소스 파일이 존재하지 않습니다.
경로: /home/oxisnail/work/git/sbh/script/data/mission_2026_bio.xlsx
2026-06-17 15:22:33 [INFO] [알림] ntfy 에러 알림 전송 완료
2026-06-17 15:22:33 [INFO] ================ 예정업무 1년치 단독 배치 완료 ================
2026-06-17 15:31:43 [INFO] ================ 예정업무 1년치 단독 배치 시작 ================
2026-06-17 15:31:43 [INFO] [예정업무] 1년치 캐시 업데이트 시작
2026-06-17 15:31:43 [WARNING] [예정업무] 입력 소스 파일이 존재하지 않습니다.
경로: /home/oxisnail/work/git/sbh/script/data/mission_2026_bio.xlsx
2026-06-17 15:31:44 [INFO] [알림] ntfy 에러 알림 전송 완료
2026-06-17 15:31:44 [INFO] ================ 예정업무 1년치 단독 배치 완료 ================
2026-06-17 15:35:25 [INFO] ================ 예정업무 1년치 단독 배치 시작 ================
2026-06-17 15:35:25 [INFO] [예정업무] 1년치 캐시 업데이트 시작
2026-06-17 15:35:25 [WARNING] [예정업무] 입력 소스 파일이 존재하지 않습니다.
경로: /home/oxisnail/work/git/sbh/script/data/mission_2026_bio.xlsx
2026-06-17 15:35:25 [INFO] [알림] ntfy 에러 알림 전송 완료
2026-06-17 15:35:25 [INFO] ================ 예정업무 1년치 단독 배치 완료 ================
2026-06-23 14:21:02 [INFO] ================ 예정업무 1년치 단독 배치 시작 ================
2026-06-23 14:21:02 [INFO] [예정업무] 1년치 캐시 업데이트 시작
2026-06-23 14:21:02 [INFO] [예정업무] 기준 연도 확인 완료: 2026년
2026-06-23 14:21:03 [INFO] [예정업무] 1년치 캐시 변환 성공: /home/oxisnail/work/git/sbh/script/data/mission_2026_bio.json (총 155일 맵핑 완료)
2026-06-23 14:21:03 [INFO] ================ 예정업무 1년치 단독 배치 완료 ================
2026-06-23 14:38:25 [INFO] ================ 예정업무 1년치 단독 배치 시작 ================
2026-06-23 14:38:25 [INFO] [예정업무] 1년치 캐시 업데이트 시작
2026-06-23 14:38:25 [INFO] [예정업무] 기준 연도 확인 완료: 2026년
2026-06-23 14:38:25 [INFO] [예정업무] 1년치 캐시 변환 성공: /home/oxisnail/work/git/sbh/script/data/mission_2026_bio.json (총 155일 맵핑 완료)
2026-06-23 14:38:25 [INFO] ================ 예정업무 1년치 단독 배치 완료 ================
2026-06-23 15:13:03 [INFO] ================ 예정업무 1년치 단독 배치 시작 ================
2026-06-23 15:13:03 [INFO] [예정업무] 1년치 캐시 업데이트 시작
2026-06-23 15:13:03 [INFO] [예정업무] 기준 연도 확인 완료: 2026년
2026-06-23 15:13:04 [INFO] [예정업무] 1년치 캐시 변환 성공: /home/oxisnail/work/git/sbh/script/data/mission_2026_bio.json (총 155일 맵핑 완료)
2026-06-23 15:13:04 [INFO] ================ 예정업무 1년치 단독 배치 완료 ================
2026-06-23 16:13:02 [INFO] ================ 예정업무 1년치 단독 배치 시작 ================
2026-06-23 16:13:02 [INFO] [예정업무] 1년치 캐시 업데이트 시작
2026-06-23 16:13:02 [INFO] [예정업무] 기준 연도 확인 완료: 2026년
2026-06-23 16:13:03 [INFO] [예정업무] 1년치 캐시 변환 성공: /home/oxisnail/work/git/sbh/script/data/mission_2026_bio.json (총 155일 맵핑 완료)
2026-06-23 16:13:03 [INFO] ================ 예정업무 1년치 단독 배치 완료 ================
2026-06-23 17:13:03 [INFO] ================ 예정업무 1년치 단독 배치 시작 ================
2026-06-23 17:13:03 [INFO] [예정업무] 1년치 캐시 업데이트 시작
2026-06-23 17:13:03 [INFO] [예정업무] 기준 연도 확인 완료: 2026년
2026-06-23 17:13:03 [INFO] [예정업무] 1년치 캐시 변환 성공: /home/oxisnail/work/git/sbh/script/data/mission_2026_bio.json (총 155일 맵핑 완료)
2026-06-23 17:13:03 [INFO] ================ 예정업무 1년치 단독 배치 완료 ================
2026-06-24 22:13:03 [INFO] ================ 예정업무 1년치 단독 배치 시작 ================
2026-06-24 22:13:03 [INFO] [예정업무] 1년치 캐시 업데이트 시작
2026-06-24 22:13:03 [INFO] [예정업무] 기준 연도 확인 완료: 2026년
2026-06-24 22:13:03 [INFO] [예정업무] 1년치 캐시 변환 성공: /home/oxisnail/work/git/sbh/script/data/mission_2026_bio.json (총 155일 맵핑 완료)
2026-06-24 22:13:03 [INFO] ================ 예정업무 1년치 단독 배치 완료 ================
2026-06-24 23:13:02 [INFO] ================ 예정업무 1년치 단독 배치 시작 ================
2026-06-24 23:13:02 [INFO] [예정업무] 1년치 캐시 업데이트 시작
2026-06-24 23:13:03 [INFO] [예정업무] 기준 연도 확인 완료: 2026년
2026-06-24 23:13:03 [INFO] [예정업무] 1년치 캐시 변환 성공: /home/oxisnail/work/git/sbh/script/data/mission_2026_bio.json (총 155일 맵핑 완료)
2026-06-24 23:13:03 [INFO] ================ 예정업무 1년치 단독 배치 완료 ================
2026-06-25 00:13:02 [INFO] ================ 예정업무 1년치 단독 배치 시작 ================
2026-06-25 00:13:02 [INFO] [예정업무] 1년치 캐시 업데이트 시작
2026-06-25 00:13:02 [INFO] [예정업무] 기준 연도 확인 완료: 2026년
2026-06-25 00:13:03 [INFO] [예정업무] 1년치 캐시 변환 성공: /home/oxisnail/work/git/sbh/script/data/mission_2026_bio.json (총 155일 맵핑 완료)
2026-06-25 00:13:03 [INFO] ================ 예정업무 1년치 단독 배치 완료 ================
2026-06-25 01:13:02 [INFO] ================ 예정업무 1년치 단독 배치 시작 ================
2026-06-25 01:13:02 [INFO] [예정업무] 1년치 캐시 업데이트 시작
2026-06-25 01:13:02 [INFO] [예정업무] 기준 연도 확인 완료: 2026년
2026-06-25 01:13:03 [INFO] [예정업무] 1년치 캐시 변환 성공: /home/oxisnail/work/git/sbh/script/data/mission_2026_bio.json (총 155일 맵핑 완료)
2026-06-25 01:13:03 [INFO] ================ 예정업무 1년치 단독 배치 완료 ================
2026-06-25 02:13:02 [INFO] ================ 예정업무 1년치 단독 배치 시작 ================
2026-06-25 02:13:02 [INFO] [예정업무] 1년치 캐시 업데이트 시작
2026-06-25 02:13:02 [INFO] [예정업무] 기준 연도 확인 완료: 2026년
2026-06-25 02:13:03 [INFO] [예정업무] 1년치 캐시 변환 성공: /home/oxisnail/work/git/sbh/script/data/mission_2026_bio.json (총 155일 맵핑 완료)
2026-06-25 02:13:03 [INFO] ================ 예정업무 1년치 단독 배치 완료 ================
2026-06-25 03:13:02 [INFO] ================ 예정업무 1년치 단독 배치 시작 ================
2026-06-25 03:13:02 [INFO] [예정업무] 1년치 캐시 업데이트 시작
2026-06-25 03:13:02 [INFO] [예정업무] 기준 연도 확인 완료: 2026년
2026-06-25 03:13:03 [INFO] [예정업무] 1년치 캐시 변환 성공: /home/oxisnail/work/git/sbh/script/data/mission_2026_bio.json (총 155일 맵핑 완료)
2026-06-25 03:13:03 [INFO] ================ 예정업무 1년치 단독 배치 완료 ================
2026-06-25 04:13:02 [INFO] ================ 예정업무 1년치 단독 배치 시작 ================
2026-06-25 04:13:02 [INFO] [예정업무] 1년치 캐시 업데이트 시작
2026-06-25 04:13:03 [INFO] [예정업무] 기준 연도 확인 완료: 2026년
2026-06-25 04:13:03 [INFO] [예정업무] 1년치 캐시 변환 성공: /home/oxisnail/work/git/sbh/script/data/mission_2026_bio.json (총 155일 맵핑 완료)
2026-06-25 04:13:03 [INFO] ================ 예정업무 1년치 단독 배치 완료 ================
2026-06-25 05:13:03 [INFO] ================ 예정업무 1년치 단독 배치 시작 ================
2026-06-25 05:13:03 [INFO] [예정업무] 1년치 캐시 업데이트 시작
2026-06-25 05:13:03 [INFO] [예정업무] 기준 연도 확인 완료: 2026년
2026-06-25 05:13:04 [INFO] [예정업무] 1년치 캐시 변환 성공: /home/oxisnail/work/git/sbh/script/data/mission_2026_bio.json (총 155일 맵핑 완료)
2026-06-25 05:13:04 [INFO] ================ 예정업무 1년치 단독 배치 완료 ================
2026-06-25 06:13:02 [INFO] ================ 예정업무 1년치 단독 배치 시작 ================
2026-06-25 06:13:02 [INFO] [예정업무] 1년치 캐시 업데이트 시작
2026-06-25 06:13:02 [INFO] [예정업무] 기준 연도 확인 완료: 2026년
2026-06-25 06:13:03 [INFO] [예정업무] 1년치 캐시 변환 성공: /home/oxisnail/work/git/sbh/script/data/mission_2026_bio.json (총 155일 맵핑 완료)
2026-06-25 06:13:03 [INFO] ================ 예정업무 1년치 단독 배치 완료 ================
2026-06-25 07:13:03 [INFO] ================ 예정업무 1년치 단독 배치 시작 ================
2026-06-25 07:13:03 [INFO] [예정업무] 1년치 캐시 업데이트 시작
2026-06-25 07:13:03 [INFO] [예정업무] 기준 연도 확인 완료: 2026년
2026-06-25 07:13:03 [INFO] [예정업무] 1년치 캐시 변환 성공: /home/oxisnail/work/git/sbh/script/data/mission_2026_bio.json (총 155일 맵핑 완료)
2026-06-25 07:13:03 [INFO] ================ 예정업무 1년치 단독 배치 완료 ================
2026-06-25 08:13:02 [INFO] ================ 예정업무 1년치 단독 배치 시작 ================
2026-06-25 08:13:02 [INFO] [예정업무] 1년치 캐시 업데이트 시작
2026-06-25 08:13:03 [INFO] [예정업무] 기준 연도 확인 완료: 2026년
2026-06-25 08:13:03 [INFO] [예정업무] 1년치 캐시 변환 성공: /home/oxisnail/work/git/sbh/script/data/mission_2026_bio.json (총 155일 맵핑 완료)
2026-06-25 08:13:03 [INFO] ================ 예정업무 1년치 단독 배치 완료 ================
2026-06-25 09:13:03 [INFO] ================ 예정업무 1년치 단독 배치 시작 ================
2026-06-25 09:13:03 [INFO] [예정업무] 1년치 캐시 업데이트 시작
2026-06-25 09:13:03 [INFO] [예정업무] 기준 연도 확인 완료: 2026년
2026-06-25 09:13:03 [INFO] [예정업무] 1년치 캐시 변환 성공: /home/oxisnail/work/git/sbh/script/data/mission_2026_bio.json (총 155일 맵핑 완료)
2026-06-25 09:13:03 [INFO] ================ 예정업무 1년치 단독 배치 완료 ================
2026-06-25 10:13:02 [INFO] ================ 예정업무 1년치 단독 배치 시작 ================
2026-06-25 10:13:02 [INFO] [예정업무] 1년치 캐시 업데이트 시작
2026-06-25 10:13:02 [INFO] [예정업무] 기준 연도 확인 완료: 2026년
2026-06-25 10:13:03 [INFO] [예정업무] 1년치 캐시 변환 성공: /home/oxisnail/work/git/sbh/script/data/mission_2026_bio.json (총 155일 맵핑 완료)
2026-06-25 10:13:03 [INFO] ================ 예정업무 1년치 단독 배치 완료 ================
2026-06-25 11:13:02 [INFO] ================ 예정업무 1년치 단독 배치 시작 ================
2026-06-25 11:13:02 [INFO] [예정업무] 1년치 캐시 업데이트 시작
2026-06-25 11:13:02 [INFO] [예정업무] 기준 연도 확인 완료: 2026년
2026-06-25 11:13:03 [INFO] [예정업무] 1년치 캐시 변환 성공: /home/oxisnail/work/git/sbh/script/data/mission_2026_bio.json (총 155일 맵핑 완료)
2026-06-25 11:13:03 [INFO] ================ 예정업무 1년치 단독 배치 완료 ================
2026-06-25 12:13:02 [INFO] ================ 예정업무 1년치 단독 배치 시작 ================
2026-06-25 12:13:02 [INFO] [예정업무] 1년치 캐시 업데이트 시작
2026-06-25 12:13:03 [INFO] [예정업무] 기준 연도 확인 완료: 2026년
2026-06-25 12:13:03 [INFO] [예정업무] 1년치 캐시 변환 성공: /home/oxisnail/work/git/sbh/script/data/mission_2026_bio.json (총 155일 맵핑 완료)
2026-06-25 12:13:03 [INFO] ================ 예정업무 1년치 단독 배치 완료 ================
2026-06-25 13:13:03 [INFO] ================ 예정업무 1년치 단독 배치 시작 ================
2026-06-25 13:13:03 [INFO] [예정업무] 1년치 캐시 업데이트 시작
2026-06-25 13:13:03 [INFO] [예정업무] 기준 연도 확인 완료: 2026년
2026-06-25 13:13:03 [INFO] [예정업무] 1년치 캐시 변환 성공: /home/oxisnail/work/git/sbh/script/data/mission_2026_bio.json (총 155일 맵핑 완료)
2026-06-25 13:13:03 [INFO] ================ 예정업무 1년치 단독 배치 완료 ================
2026-06-25 14:13:02 [INFO] ================ 예정업무 1년치 단독 배치 시작 ================
2026-06-25 14:13:02 [INFO] [예정업무] 1년치 캐시 업데이트 시작
2026-06-25 14:13:03 [INFO] [예정업무] 기준 연도 확인 완료: 2026년
2026-06-25 14:13:03 [INFO] [예정업무] 1년치 캐시 변환 성공: /home/oxisnail/work/git/sbh/script/data/mission_2026_bio.json (총 155일 맵핑 완료)
2026-06-25 14:13:03 [INFO] ================ 예정업무 1년치 단독 배치 완료 ================
2026-06-25 15:13:03 [INFO] ================ 예정업무 1년치 단독 배치 시작 ================
2026-06-25 15:13:03 [INFO] [예정업무] 1년치 캐시 업데이트 시작
2026-06-25 15:13:03 [INFO] [예정업무] 기준 연도 확인 완료: 2026년
2026-06-25 15:13:03 [INFO] [예정업무] 1년치 캐시 변환 성공: /home/oxisnail/work/git/sbh/script/data/mission_2026_bio.json (총 155일 맵핑 완료)
2026-06-25 15:13:03 [INFO] ================ 예정업무 1년치 단독 배치 완료 ================
2026-06-25 16:13:02 [INFO] ================ 예정업무 1년치 단독 배치 시작 ================
2026-06-25 16:13:02 [INFO] [예정업무] 1년치 캐시 업데이트 시작
2026-06-25 16:13:02 [INFO] [예정업무] 기준 연도 확인 완료: 2026년
2026-06-25 16:13:03 [INFO] [예정업무] 1년치 캐시 변환 성공: /home/oxisnail/work/git/sbh/script/data/mission_2026_bio.json (총 155일 맵핑 완료)
2026-06-25 16:13:03 [INFO] ================ 예정업무 1년치 단독 배치 완료 ================
2026-06-25 17:13:02 [INFO] ================ 예정업무 1년치 단독 배치 시작 ================
2026-06-25 17:13:02 [INFO] [예정업무] 1년치 캐시 업데이트 시작
2026-06-25 17:13:02 [INFO] [예정업무] 기준 연도 확인 완료: 2026년
2026-06-25 17:13:02 [INFO] [예정업무] 1년치 캐시 변환 성공: /home/oxisnail/work/git/sbh/script/data/mission_2026_bio.json (총 155일 맵핑 완료)
2026-06-25 17:13:02 [INFO] ================ 예정업무 1년치 단독 배치 완료 ================
2026-06-25 18:13:03 [INFO] ================ 예정업무 1년치 단독 배치 시작 ================
2026-06-25 18:13:03 [INFO] [예정업무] 1년치 캐시 업데이트 시작
2026-06-25 18:13:03 [INFO] [예정업무] 기준 연도 확인 완료: 2026년
2026-06-25 18:13:03 [INFO] [예정업무] 1년치 캐시 변환 성공: /home/oxisnail/work/git/sbh/script/data/mission_2026_bio.json (총 155일 맵핑 완료)
2026-06-25 18:13:03 [INFO] ================ 예정업무 1년치 단독 배치 완료 ================
2026-06-25 19:13:02 [INFO] ================ 예정업무 1년치 단독 배치 시작 ================
2026-06-25 19:13:02 [INFO] [예정업무] 1년치 캐시 업데이트 시작
2026-06-25 19:13:02 [INFO] [예정업무] 기준 연도 확인 완료: 2026년
2026-06-25 19:13:03 [INFO] [예정업무] 1년치 캐시 변환 성공: /home/oxisnail/work/git/sbh/script/data/mission_2026_bio.json (총 155일 맵핑 완료)
2026-06-25 19:13:03 [INFO] ================ 예정업무 1년치 단독 배치 완료 ================
2026-06-25 20:13:02 [INFO] ================ 예정업무 1년치 단독 배치 시작 ================
2026-06-25 20:13:02 [INFO] [예정업무] 1년치 캐시 업데이트 시작
2026-06-25 20:13:02 [INFO] [예정업무] 기준 연도 확인 완료: 2026년
2026-06-25 20:13:03 [INFO] [예정업무] 1년치 캐시 변환 성공: /home/oxisnail/work/git/sbh/script/data/mission_2026_bio.json (총 155일 맵핑 완료)
2026-06-25 20:13:03 [INFO] ================ 예정업무 1년치 단독 배치 완료 ================
2026-06-25 21:13:02 [INFO] ================ 예정업무 1년치 단독 배치 시작 ================
2026-06-25 21:13:02 [INFO] [예정업무] 1년치 캐시 업데이트 시작
2026-06-25 21:13:03 [INFO] [예정업무] 기준 연도 확인 완료: 2026년
2026-06-25 21:13:03 [INFO] [예정업무] 1년치 캐시 변환 성공: /home/oxisnail/work/git/sbh/script/data/mission_2026_bio.json (총 155일 맵핑 완료)
2026-06-25 21:13:03 [INFO] ================ 예정업무 1년치 단독 배치 완료 ================
2026-06-25 22:13:02 [INFO] ================ 예정업무 1년치 단독 배치 시작 ================
2026-06-25 22:13:02 [INFO] [예정업무] 1년치 캐시 업데이트 시작
2026-06-25 22:13:03 [INFO] [예정업무] 기준 연도 확인 완료: 2026년
2026-06-25 22:13:03 [INFO] [예정업무] 1년치 캐시 변환 성공: /home/oxisnail/work/git/sbh/script/data/mission_2026_bio.json (총 155일 맵핑 완료)
2026-06-25 22:13:03 [INFO] ================ 예정업무 1년치 단독 배치 완료 ================
2026-06-25 23:13:02 [INFO] ================ 예정업무 1년치 단독 배치 시작 ================
2026-06-25 23:13:02 [INFO] [예정업무] 1년치 캐시 업데이트 시작
2026-06-25 23:13:02 [INFO] [예정업무] 기준 연도 확인 완료: 2026년
2026-06-25 23:13:02 [INFO] [예정업무] 1년치 캐시 변환 성공: /home/oxisnail/work/git/sbh/script/data/mission_2026_bio.json (총 155일 맵핑 완료)
2026-06-25 23:13:02 [INFO] ================ 예정업무 1년치 단독 배치 완료 ================
2026-06-26 00:13:02 [INFO] ================ 예정업무 1년치 단독 배치 시작 ================
2026-06-26 00:13:02 [INFO] [예정업무] 1년치 캐시 업데이트 시작
2026-06-26 00:13:03 [INFO] [예정업무] 기준 연도 확인 완료: 2026년
2026-06-26 00:13:03 [INFO] [예정업무] 1년치 캐시 변환 성공: /home/oxisnail/work/git/sbh/script/data/mission_2026_bio.json (총 155일 맵핑 완료)
2026-06-26 00:13:03 [INFO] ================ 예정업무 1년치 단독 배치 완료 ================
2026-06-26 01:13:03 [INFO] ================ 예정업무 1년치 단독 배치 시작 ================
2026-06-26 01:13:03 [INFO] [예정업무] 1년치 캐시 업데이트 시작
2026-06-26 01:13:03 [INFO] [예정업무] 기준 연도 확인 완료: 2026년
2026-06-26 01:13:03 [INFO] [예정업무] 1년치 캐시 변환 성공: /home/oxisnail/work/git/sbh/script/data/mission_2026_bio.json (총 155일 맵핑 완료)
2026-06-26 01:13:03 [INFO] ================ 예정업무 1년치 단독 배치 완료 ================
2026-06-26 02:13:02 [INFO] ================ 예정업무 1년치 단독 배치 시작 ================
2026-06-26 02:13:02 [INFO] [예정업무] 1년치 캐시 업데이트 시작
2026-06-26 02:13:03 [INFO] [예정업무] 기준 연도 확인 완료: 2026년
2026-06-26 02:13:03 [INFO] [예정업무] 1년치 캐시 변환 성공: /home/oxisnail/work/git/sbh/script/data/mission_2026_bio.json (총 155일 맵핑 완료)
2026-06-26 02:13:03 [INFO] ================ 예정업무 1년치 단독 배치 완료 ================
2026-06-26 03:13:02 [INFO] ================ 예정업무 1년치 단독 배치 시작 ================
2026-06-26 03:13:02 [INFO] [예정업무] 1년치 캐시 업데이트 시작
2026-06-26 03:13:02 [INFO] [예정업무] 기준 연도 확인 완료: 2026년
2026-06-26 03:13:03 [INFO] [예정업무] 1년치 캐시 변환 성공: /home/oxisnail/work/git/sbh/script/data/mission_2026_bio.json (총 155일 맵핑 완료)
2026-06-26 03:13:03 [INFO] ================ 예정업무 1년치 단독 배치 완료 ================
2026-06-26 04:13:05 [INFO] ================ 예정업무 1년치 단독 배치 시작 ================
2026-06-26 04:13:05 [INFO] [예정업무] 1년치 캐시 업데이트 시작
2026-06-26 04:13:08 [INFO] [예정업무] 기준 연도 확인 완료: 2026년
2026-06-26 04:13:10 [INFO] [예정업무] 1년치 캐시 변환 성공: /home/oxisnail/work/git/sbh/script/data/mission_2026_bio.json (총 155일 맵핑 완료)
2026-06-26 04:13:10 [INFO] ================ 예정업무 1년치 단독 배치 완료 ================
2026-06-26 05:13:03 [INFO] ================ 예정업무 1년치 단독 배치 시작 ================
2026-06-26 05:13:03 [INFO] [예정업무] 1년치 캐시 업데이트 시작
2026-06-26 05:13:03 [INFO] [예정업무] 기준 연도 확인 완료: 2026년
2026-06-26 05:13:04 [INFO] [예정업무] 1년치 캐시 변환 성공: /home/oxisnail/work/git/sbh/script/data/mission_2026_bio.json (총 155일 맵핑 완료)
2026-06-26 05:13:04 [INFO] ================ 예정업무 1년치 단독 배치 완료 ================
2026-06-26 06:13:02 [INFO] ================ 예정업무 1년치 단독 배치 시작 ================
2026-06-26 06:13:02 [INFO] [예정업무] 1년치 캐시 업데이트 시작
2026-06-26 06:13:02 [INFO] [예정업무] 기준 연도 확인 완료: 2026년
2026-06-26 06:13:03 [INFO] [예정업무] 1년치 캐시 변환 성공: /home/oxisnail/work/git/sbh/script/data/mission_2026_bio.json (총 155일 맵핑 완료)
2026-06-26 06:13:03 [INFO] ================ 예정업무 1년치 단독 배치 완료 ================
2026-06-26 07:13:02 [INFO] ================ 예정업무 1년치 단독 배치 시작 ================
2026-06-26 07:13:02 [INFO] [예정업무] 1년치 캐시 업데이트 시작
2026-06-26 07:13:03 [INFO] [예정업무] 기준 연도 확인 완료: 2026년
2026-06-26 07:13:03 [INFO] [예정업무] 1년치 캐시 변환 성공: /home/oxisnail/work/git/sbh/script/data/mission_2026_bio.json (총 155일 맵핑 완료)
2026-06-26 07:13:03 [INFO] ================ 예정업무 1년치 단독 배치 완료 ================
2026-06-26 08:13:03 [INFO] ================ 예정업무 1년치 단독 배치 시작 ================
2026-06-26 08:13:03 [INFO] [예정업무] 1년치 캐시 업데이트 시작
2026-06-26 08:13:04 [INFO] [예정업무] 기준 연도 확인 완료: 2026년
2026-06-26 08:13:04 [INFO] [예정업무] 1년치 캐시 변환 성공: /home/oxisnail/work/git/sbh/script/data/mission_2026_bio.json (총 155일 맵핑 완료)
2026-06-26 08:13:04 [INFO] ================ 예정업무 1년치 단독 배치 완료 ================
2026-06-26 09:13:03 [INFO] ================ 예정업무 1년치 단독 배치 시작 ================
2026-06-26 09:13:03 [INFO] [예정업무] 1년치 캐시 업데이트 시작
2026-06-26 09:13:03 [INFO] [예정업무] 기준 연도 확인 완료: 2026년
2026-06-26 09:13:03 [INFO] [예정업무] 1년치 캐시 변환 성공: /home/oxisnail/work/git/sbh/script/data/mission_2026_bio.json (총 155일 맵핑 완료)
2026-06-26 09:13:03 [INFO] ================ 예정업무 1년치 단독 배치 완료 ================
2026-06-26 10:13:03 [INFO] ================ 예정업무 1년치 단독 배치 시작 ================
2026-06-26 10:13:03 [INFO] [예정업무] 1년치 캐시 업데이트 시작
2026-06-26 10:13:03 [INFO] [예정업무] 기준 연도 확인 완료: 2026년
2026-06-26 10:13:03 [INFO] [예정업무] 1년치 캐시 변환 성공: /home/oxisnail/work/git/sbh/script/data/mission_2026_bio.json (총 155일 맵핑 완료)
2026-06-26 10:13:03 [INFO] ================ 예정업무 1년치 단독 배치 완료 ================
2026-06-26 11:13:02 [INFO] ================ 예정업무 1년치 단독 배치 시작 ================
2026-06-26 11:13:02 [INFO] [예정업무] 1년치 캐시 업데이트 시작
2026-06-26 11:13:03 [INFO] [예정업무] 기준 연도 확인 완료: 2026년
2026-06-26 11:13:03 [INFO] [예정업무] 1년치 캐시 변환 성공: /home/oxisnail/work/git/sbh/script/data/mission_2026_bio.json (총 155일 맵핑 완료)
2026-06-26 11:13:03 [INFO] ================ 예정업무 1년치 단독 배치 완료 ================
2026-06-26 12:13:02 [INFO] ================ 예정업무 1년치 단독 배치 시작 ================
2026-06-26 12:13:02 [INFO] [예정업무] 1년치 캐시 업데이트 시작
2026-06-26 12:13:02 [INFO] [예정업무] 기준 연도 확인 완료: 2026년
2026-06-26 12:13:03 [INFO] [예정업무] 1년치 캐시 변환 성공: /home/oxisnail/work/git/sbh/script/data/mission_2026_bio.json (총 155일 맵핑 완료)
2026-06-26 12:13:03 [INFO] ================ 예정업무 1년치 단독 배치 완료 ================
2026-06-26 13:13:02 [INFO] ================ 예정업무 1년치 단독 배치 시작 ================
2026-06-26 13:13:02 [INFO] [예정업무] 1년치 캐시 업데이트 시작
2026-06-26 13:13:03 [INFO] [예정업무] 기준 연도 확인 완료: 2026년
2026-06-26 13:13:03 [INFO] [예정업무] 1년치 캐시 변환 성공: /home/oxisnail/work/git/sbh/script/data/mission_2026_bio.json (총 155일 맵핑 완료)
2026-06-26 13:13:03 [INFO] ================ 예정업무 1년치 단독 배치 완료 ================
2026-06-26 14:13:02 [INFO] ================ 예정업무 1년치 단독 배치 시작 ================
2026-06-26 14:13:02 [INFO] [예정업무] 1년치 캐시 업데이트 시작
2026-06-26 14:13:02 [INFO] [예정업무] 기준 연도 확인 완료: 2026년
2026-06-26 14:13:03 [INFO] [예정업무] 1년치 캐시 변환 성공: /home/oxisnail/work/git/sbh/script/data/mission_2026_bio.json (총 155일 맵핑 완료)
2026-06-26 14:13:03 [INFO] ================ 예정업무 1년치 단독 배치 완료 ================
2026-06-26 15:13:02 [INFO] ================ 예정업무 1년치 단독 배치 시작 ================
2026-06-26 15:13:02 [INFO] [예정업무] 1년치 캐시 업데이트 시작
2026-06-26 15:13:03 [INFO] [예정업무] 기준 연도 확인 완료: 2026년
2026-06-26 15:13:03 [INFO] [예정업무] 1년치 캐시 변환 성공: /home/oxisnail/work/git/sbh/script/data/mission_2026_bio.json (총 155일 맵핑 완료)
2026-06-26 15:13:03 [INFO] ================ 예정업무 1년치 단독 배치 완료 ================
2026-06-26 16:13:02 [INFO] ================ 예정업무 1년치 단독 배치 시작 ================
2026-06-26 16:13:02 [INFO] [예정업무] 1년치 캐시 업데이트 시작
2026-06-26 16:13:03 [INFO] [예정업무] 기준 연도 확인 완료: 2026년
2026-06-26 16:13:03 [INFO] [예정업무] 1년치 캐시 변환 성공: /home/oxisnail/work/git/sbh/script/data/mission_2026_bio.json (총 155일 맵핑 완료)
2026-06-26 16:13:03 [INFO] ================ 예정업무 1년치 단독 배치 완료 ================
2026-06-26 17:13:02 [INFO] ================ 예정업무 1년치 단독 배치 시작 ================
2026-06-26 17:13:02 [INFO] [예정업무] 1년치 캐시 업데이트 시작
2026-06-26 17:13:03 [INFO] [예정업무] 기준 연도 확인 완료: 2026년
2026-06-26 17:13:03 [INFO] [예정업무] 1년치 캐시 변환 성공: /home/oxisnail/work/git/sbh/script/data/mission_2026_bio.json (총 155일 맵핑 완료)
2026-06-26 17:13:03 [INFO] ================ 예정업무 1년치 단독 배치 완료 ================
2026-06-26 18:13:02 [INFO] ================ 예정업무 1년치 단독 배치 시작 ================
2026-06-26 18:13:02 [INFO] [예정업무] 1년치 캐시 업데이트 시작
2026-06-26 18:13:02 [INFO] [예정업무] 기준 연도 확인 완료: 2026년
2026-06-26 18:13:03 [INFO] [예정업무] 1년치 캐시 변환 성공: /home/oxisnail/work/git/sbh/script/data/mission_2026_bio.json (총 155일 맵핑 완료)
2026-06-26 18:13:03 [INFO] ================ 예정업무 1년치 단독 배치 완료 ================
2026-06-26 19:13:03 [INFO] ================ 예정업무 1년치 단독 배치 시작 ================
2026-06-26 19:13:03 [INFO] [예정업무] 1년치 캐시 업데이트 시작
2026-06-26 19:13:03 [INFO] [예정업무] 기준 연도 확인 완료: 2026년
2026-06-26 19:13:03 [INFO] [예정업무] 1년치 캐시 변환 성공: /home/oxisnail/work/git/sbh/script/data/mission_2026_bio.json (총 155일 맵핑 완료)
2026-06-26 19:13:03 [INFO] ================ 예정업무 1년치 단독 배치 완료 ================
2026-06-26 20:13:02 [INFO] ================ 예정업무 1년치 단독 배치 시작 ================
2026-06-26 20:13:02 [INFO] [예정업무] 1년치 캐시 업데이트 시작
2026-06-26 20:13:03 [INFO] [예정업무] 기준 연도 확인 완료: 2026년
2026-06-26 20:13:03 [INFO] [예정업무] 1년치 캐시 변환 성공: /home/oxisnail/work/git/sbh/script/data/mission_2026_bio.json (총 155일 맵핑 완료)
2026-06-26 20:13:03 [INFO] ================ 예정업무 1년치 단독 배치 완료 ================
2026-06-26 21:13:02 [INFO] ================ 예정업무 1년치 단독 배치 시작 ================
2026-06-26 21:13:02 [INFO] [예정업무] 1년치 캐시 업데이트 시작
2026-06-26 21:13:02 [INFO] [예정업무] 기준 연도 확인 완료: 2026년
2026-06-26 21:13:02 [INFO] [예정업무] 1년치 캐시 변환 성공: /home/oxisnail/work/git/sbh/script/data/mission_2026_bio.json (총 155일 맵핑 완료)
2026-06-26 21:13:02 [INFO] ================ 예정업무 1년치 단독 배치 완료 ================
2026-06-26 22:13:03 [INFO] ================ 예정업무 1년치 단독 배치 시작 ================
2026-06-26 22:13:03 [INFO] [예정업무] 1년치 캐시 업데이트 시작
2026-06-26 22:13:03 [INFO] [예정업무] 기준 연도 확인 완료: 2026년
2026-06-26 22:13:03 [INFO] [예정업무] 1년치 캐시 변환 성공: /home/oxisnail/work/git/sbh/script/data/mission_2026_bio.json (총 155일 맵핑 완료)
2026-06-26 22:13:03 [INFO] ================ 예정업무 1년치 단독 배치 완료 ================
2026-06-26 23:13:02 [INFO] ================ 예정업무 1년치 단독 배치 시작 ================
2026-06-26 23:13:02 [INFO] [예정업무] 1년치 캐시 업데이트 시작
2026-06-26 23:13:02 [INFO] [예정업무] 기준 연도 확인 완료: 2026년
2026-06-26 23:13:03 [INFO] [예정업무] 1년치 캐시 변환 성공: /home/oxisnail/work/git/sbh/script/data/mission_2026_bio.json (총 155일 맵핑 완료)
2026-06-26 23:13:03 [INFO] ================ 예정업무 1년치 단독 배치 완료 ================
2026-06-27 00:13:02 [INFO] ================ 예정업무 1년치 단독 배치 시작 ================
2026-06-27 00:13:02 [INFO] [예정업무] 1년치 캐시 업데이트 시작
2026-06-27 00:13:03 [INFO] [예정업무] 기준 연도 확인 완료: 2026년
2026-06-27 00:13:03 [INFO] [예정업무] 1년치 캐시 변환 성공: /home/oxisnail/work/git/sbh/script/data/mission_2026_bio.json (총 155일 맵핑 완료)
2026-06-27 00:13:03 [INFO] ================ 예정업무 1년치 단독 배치 완료 ================
2026-06-27 01:13:02 [INFO] ================ 예정업무 1년치 단독 배치 시작 ================
2026-06-27 01:13:02 [INFO] [예정업무] 1년치 캐시 업데이트 시작
2026-06-27 01:13:02 [INFO] [예정업무] 기준 연도 확인 완료: 2026년
2026-06-27 01:13:03 [INFO] [예정업무] 1년치 캐시 변환 성공: /home/oxisnail/work/git/sbh/script/data/mission_2026_bio.json (총 155일 맵핑 완료)
2026-06-27 01:13:03 [INFO] ================ 예정업무 1년치 단독 배치 완료 ================
2026-06-27 02:13:02 [INFO] ================ 예정업무 1년치 단독 배치 시작 ================
2026-06-27 02:13:02 [INFO] [예정업무] 1년치 캐시 업데이트 시작
2026-06-27 02:13:02 [INFO] [예정업무] 기준 연도 확인 완료: 2026년
2026-06-27 02:13:03 [INFO] [예정업무] 1년치 캐시 변환 성공: /home/oxisnail/work/git/sbh/script/data/mission_2026_bio.json (총 155일 맵핑 완료)
2026-06-27 02:13:03 [INFO] ================ 예정업무 1년치 단독 배치 완료 ================
2026-06-27 03:13:02 [INFO] ================ 예정업무 1년치 단독 배치 시작 ================
2026-06-27 03:13:02 [INFO] [예정업무] 1년치 캐시 업데이트 시작
2026-06-27 03:13:03 [INFO] [예정업무] 기준 연도 확인 완료: 2026년
2026-06-27 03:13:03 [INFO] [예정업무] 1년치 캐시 변환 성공: /home/oxisnail/work/git/sbh/script/data/mission_2026_bio.json (총 155일 맵핑 완료)
2026-06-27 03:13:03 [INFO] ================ 예정업무 1년치 단독 배치 완료 ================
2026-06-27 04:13:03 [INFO] ================ 예정업무 1년치 단독 배치 시작 ================
2026-06-27 04:13:03 [INFO] [예정업무] 1년치 캐시 업데이트 시작
2026-06-27 04:13:03 [INFO] [예정업무] 기준 연도 확인 완료: 2026년
2026-06-27 04:13:04 [INFO] [예정업무] 1년치 캐시 변환 성공: /home/oxisnail/work/git/sbh/script/data/mission_2026_bio.json (총 155일 맵핑 완료)
2026-06-27 04:13:04 [INFO] ================ 예정업무 1년치 단독 배치 완료 ================
2026-06-27 05:13:03 [INFO] ================ 예정업무 1년치 단독 배치 시작 ================
2026-06-27 05:13:03 [INFO] [예정업무] 1년치 캐시 업데이트 시작
2026-06-27 05:13:03 [INFO] [예정업무] 기준 연도 확인 완료: 2026년
2026-06-27 05:13:04 [INFO] [예정업무] 1년치 캐시 변환 성공: /home/oxisnail/work/git/sbh/script/data/mission_2026_bio.json (총 155일 맵핑 완료)
2026-06-27 05:13:04 [INFO] ================ 예정업무 1년치 단독 배치 완료 ================
2026-06-27 06:13:03 [INFO] ================ 예정업무 1년치 단독 배치 시작 ================
2026-06-27 06:13:03 [INFO] [예정업무] 1년치 캐시 업데이트 시작
2026-06-27 06:13:03 [INFO] [예정업무] 기준 연도 확인 완료: 2026년
2026-06-27 06:13:03 [INFO] [예정업무] 1년치 캐시 변환 성공: /home/oxisnail/work/git/sbh/script/data/mission_2026_bio.json (총 155일 맵핑 완료)
2026-06-27 06:13:03 [INFO] ================ 예정업무 1년치 단독 배치 완료 ================
2026-06-27 07:13:02 [INFO] ================ 예정업무 1년치 단독 배치 시작 ================
2026-06-27 07:13:02 [INFO] [예정업무] 1년치 캐시 업데이트 시작
2026-06-27 07:13:03 [INFO] [예정업무] 기준 연도 확인 완료: 2026년
2026-06-27 07:13:03 [INFO] [예정업무] 1년치 캐시 변환 성공: /home/oxisnail/work/git/sbh/script/data/mission_2026_bio.json (총 155일 맵핑 완료)
2026-06-27 07:13:03 [INFO] ================ 예정업무 1년치 단독 배치 완료 ================
2026-06-27 08:13:03 [INFO] ================ 예정업무 1년치 단독 배치 시작 ================
2026-06-27 08:13:03 [INFO] [예정업무] 1년치 캐시 업데이트 시작
2026-06-27 08:13:03 [INFO] [예정업무] 기준 연도 확인 완료: 2026년
2026-06-27 08:13:03 [INFO] [예정업무] 1년치 캐시 변환 성공: /home/oxisnail/work/git/sbh/script/data/mission_2026_bio.json (총 155일 맵핑 완료)
2026-06-27 08:13:03 [INFO] ================ 예정업무 1년치 단독 배치 완료 ================
2026-06-27 09:13:03 [INFO] ================ 예정업무 1년치 단독 배치 시작 ================
2026-06-27 09:13:03 [INFO] [예정업무] 1년치 캐시 업데이트 시작
2026-06-27 09:13:03 [INFO] [예정업무] 기준 연도 확인 완료: 2026년
2026-06-27 09:13:03 [INFO] [예정업무] 1년치 캐시 변환 성공: /home/oxisnail/work/git/sbh/script/data/mission_2026_bio.json (총 155일 맵핑 완료)
2026-06-27 09:13:03 [INFO] ================ 예정업무 1년치 단독 배치 완료 ================
2026-06-27 10:13:02 [INFO] ================ 예정업무 1년치 단독 배치 시작 ================
2026-06-27 10:13:02 [INFO] [예정업무] 1년치 캐시 업데이트 시작
2026-06-27 10:13:03 [INFO] [예정업무] 기준 연도 확인 완료: 2026년
2026-06-27 10:13:03 [INFO] [예정업무] 1년치 캐시 변환 성공: /home/oxisnail/work/git/sbh/script/data/mission_2026_bio.json (총 155일 맵핑 완료)
2026-06-27 10:13:03 [INFO] ================ 예정업무 1년치 단독 배치 완료 ================
2026-06-27 11:13:02 [INFO] ================ 예정업무 1년치 단독 배치 시작 ================
2026-06-27 11:13:02 [INFO] [예정업무] 1년치 캐시 업데이트 시작
2026-06-27 11:13:02 [INFO] [예정업무] 기준 연도 확인 완료: 2026년
2026-06-27 11:13:03 [INFO] [예정업무] 1년치 캐시 변환 성공: /home/oxisnail/work/git/sbh/script/data/mission_2026_bio.json (총 155일 맵핑 완료)
2026-06-27 11:13:03 [INFO] ================ 예정업무 1년치 단독 배치 완료 ================
2026-06-27 12:13:02 [INFO] ================ 예정업무 1년치 단독 배치 시작 ================
2026-06-27 12:13:02 [INFO] [예정업무] 1년치 캐시 업데이트 시작
2026-06-27 12:13:02 [INFO] [예정업무] 기준 연도 확인 완료: 2026년
2026-06-27 12:13:03 [INFO] [예정업무] 1년치 캐시 변환 성공: /home/oxisnail/work/git/sbh/script/data/mission_2026_bio.json (총 155일 맵핑 완료)
2026-06-27 12:13:03 [INFO] ================ 예정업무 1년치 단독 배치 완료 ================
2026-06-27 13:13:03 [INFO] ================ 예정업무 1년치 단독 배치 시작 ================
2026-06-27 13:13:03 [INFO] [예정업무] 1년치 캐시 업데이트 시작
2026-06-27 13:13:03 [INFO] [예정업무] 기준 연도 확인 완료: 2026년
2026-06-27 13:13:03 [INFO] [예정업무] 1년치 캐시 변환 성공: /home/oxisnail/work/git/sbh/script/data/mission_2026_bio.json (총 155일 맵핑 완료)
2026-06-27 13:13:03 [INFO] ================ 예정업무 1년치 단독 배치 완료 ================
2026-06-27 14:13:03 [INFO] ================ 예정업무 1년치 단독 배치 시작 ================
2026-06-27 14:13:03 [INFO] [예정업무] 1년치 캐시 업데이트 시작
2026-06-27 14:13:03 [INFO] [예정업무] 기준 연도 확인 완료: 2026년
2026-06-27 14:13:03 [INFO] [예정업무] 1년치 캐시 변환 성공: /home/oxisnail/work/git/sbh/script/data/mission_2026_bio.json (총 155일 맵핑 완료)
2026-06-27 14:13:03 [INFO] ================ 예정업무 1년치 단독 배치 완료 ================
2026-06-27 15:13:03 [INFO] ================ 예정업무 1년치 단독 배치 시작 ================
2026-06-27 15:13:03 [INFO] [예정업무] 1년치 캐시 업데이트 시작
2026-06-27 15:13:04 [INFO] [예정업무] 기준 연도 확인 완료: 2026년
2026-06-27 15:13:04 [INFO] [예정업무] 1년치 캐시 변환 성공: /home/oxisnail/work/git/sbh/script/data/mission_2026_bio.json (총 155일 맵핑 완료)
2026-06-27 15:13:04 [INFO] ================ 예정업무 1년치 단독 배치 완료 ================
2026-06-27 16:13:03 [INFO] ================ 예정업무 1년치 단독 배치 시작 ================
2026-06-27 16:13:03 [INFO] [예정업무] 1년치 캐시 업데이트 시작
2026-06-27 16:13:03 [INFO] [예정업무] 기준 연도 확인 완료: 2026년
2026-06-27 16:13:03 [INFO] [예정업무] 1년치 캐시 변환 성공: /home/oxisnail/work/git/sbh/script/data/mission_2026_bio.json (총 155일 맵핑 완료)
2026-06-27 16:13:03 [INFO] ================ 예정업무 1년치 단독 배치 완료 ================
2026-06-27 17:13:02 [INFO] ================ 예정업무 1년치 단독 배치 시작 ================
2026-06-27 17:13:02 [INFO] [예정업무] 1년치 캐시 업데이트 시작
2026-06-27 17:13:03 [INFO] [예정업무] 기준 연도 확인 완료: 2026년
2026-06-27 17:13:03 [INFO] [예정업무] 1년치 캐시 변환 성공: /home/oxisnail/work/git/sbh/script/data/mission_2026_bio.json (총 155일 맵핑 완료)
2026-06-27 17:13:03 [INFO] ================ 예정업무 1년치 단독 배치 완료 ================
2026-06-27 18:13:03 [INFO] ================ 예정업무 1년치 단독 배치 시작 ================
2026-06-27 18:13:03 [INFO] [예정업무] 1년치 캐시 업데이트 시작
2026-06-27 18:13:03 [INFO] [예정업무] 기준 연도 확인 완료: 2026년
2026-06-27 18:13:03 [INFO] [예정업무] 1년치 캐시 변환 성공: /home/oxisnail/work/git/sbh/script/data/mission_2026_bio.json (총 155일 맵핑 완료)
2026-06-27 18:13:03 [INFO] ================ 예정업무 1년치 단독 배치 완료 ================
2026-06-27 19:13:03 [INFO] ================ 예정업무 1년치 단독 배치 시작 ================
2026-06-27 19:13:03 [INFO] [예정업무] 1년치 캐시 업데이트 시작
2026-06-27 19:13:03 [INFO] [예정업무] 기준 연도 확인 완료: 2026년
2026-06-27 19:13:03 [INFO] [예정업무] 1년치 캐시 변환 성공: /home/oxisnail/work/git/sbh/script/data/mission_2026_bio.json (총 155일 맵핑 완료)
2026-06-27 19:13:03 [INFO] ================ 예정업무 1년치 단독 배치 완료 ================
2026-06-27 20:13:03 [INFO] ================ 예정업무 1년치 단독 배치 시작 ================
2026-06-27 20:13:03 [INFO] [예정업무] 1년치 캐시 업데이트 시작
2026-06-27 20:13:03 [INFO] [예정업무] 기준 연도 확인 완료: 2026년
2026-06-27 20:13:03 [INFO] [예정업무] 1년치 캐시 변환 성공: /home/oxisnail/work/git/sbh/script/data/mission_2026_bio.json (총 155일 맵핑 완료)
2026-06-27 20:13:03 [INFO] ================ 예정업무 1년치 단독 배치 완료 ================
2026-06-27 21:13:02 [INFO] ================ 예정업무 1년치 단독 배치 시작 ================
2026-06-27 21:13:02 [INFO] [예정업무] 1년치 캐시 업데이트 시작
2026-06-27 21:13:03 [INFO] [예정업무] 기준 연도 확인 완료: 2026년
2026-06-27 21:13:03 [INFO] [예정업무] 1년치 캐시 변환 성공: /home/oxisnail/work/git/sbh/script/data/mission_2026_bio.json (총 155일 맵핑 완료)
2026-06-27 21:13:03 [INFO] ================ 예정업무 1년치 단독 배치 완료 ================
2026-06-27 22:13:02 [INFO] ================ 예정업무 1년치 단독 배치 시작 ================
2026-06-27 22:13:02 [INFO] [예정업무] 1년치 캐시 업데이트 시작
2026-06-27 22:13:02 [INFO] [예정업무] 기준 연도 확인 완료: 2026년
2026-06-27 22:13:03 [INFO] [예정업무] 1년치 캐시 변환 성공: /home/oxisnail/work/git/sbh/script/data/mission_2026_bio.json (총 155일 맵핑 완료)
2026-06-27 22:13:03 [INFO] ================ 예정업무 1년치 단독 배치 완료 ================
2026-06-27 23:13:02 [INFO] ================ 예정업무 1년치 단독 배치 시작 ================
2026-06-27 23:13:02 [INFO] [예정업무] 1년치 캐시 업데이트 시작
2026-06-27 23:13:02 [INFO] [예정업무] 기준 연도 확인 완료: 2026년
2026-06-27 23:13:03 [INFO] [예정업무] 1년치 캐시 변환 성공: /home/oxisnail/work/git/sbh/script/data/mission_2026_bio.json (총 155일 맵핑 완료)
2026-06-27 23:13:03 [INFO] ================ 예정업무 1년치 단독 배치 완료 ================
2026-06-28 00:13:03 [INFO] ================ 예정업무 1년치 단독 배치 시작 ================
2026-06-28 00:13:03 [INFO] [예정업무] 1년치 캐시 업데이트 시작
2026-06-28 00:13:03 [INFO] [예정업무] 기준 연도 확인 완료: 2026년
2026-06-28 00:13:04 [INFO] [예정업무] 1년치 캐시 변환 성공: /home/oxisnail/work/git/sbh/script/data/mission_2026_bio.json (총 155일 맵핑 완료)
2026-06-28 00:13:04 [INFO] ================ 예정업무 1년치 단독 배치 완료 ================
2026-06-28 01:13:02 [INFO] ================ 예정업무 1년치 단독 배치 시작 ================
2026-06-28 01:13:02 [INFO] [예정업무] 1년치 캐시 업데이트 시작
2026-06-28 01:13:02 [INFO] [예정업무] 기준 연도 확인 완료: 2026년
2026-06-28 01:13:03 [INFO] [예정업무] 1년치 캐시 변환 성공: /home/oxisnail/work/git/sbh/script/data/mission_2026_bio.json (총 155일 맵핑 완료)
2026-06-28 01:13:03 [INFO] ================ 예정업무 1년치 단독 배치 완료 ================
2026-06-28 02:13:03 [INFO] ================ 예정업무 1년치 단독 배치 시작 ================
2026-06-28 02:13:03 [INFO] [예정업무] 1년치 캐시 업데이트 시작
2026-06-28 02:13:03 [INFO] [예정업무] 기준 연도 확인 완료: 2026년
2026-06-28 02:13:03 [INFO] [예정업무] 1년치 캐시 변환 성공: /home/oxisnail/work/git/sbh/script/data/mission_2026_bio.json (총 155일 맵핑 완료)
2026-06-28 02:13:03 [INFO] ================ 예정업무 1년치 단독 배치 완료 ================
2026-06-28 03:13:03 [INFO] ================ 예정업무 1년치 단독 배치 시작 ================
2026-06-28 03:13:03 [INFO] [예정업무] 1년치 캐시 업데이트 시작
2026-06-28 03:13:03 [INFO] [예정업무] 기준 연도 확인 완료: 2026년
2026-06-28 03:13:03 [INFO] [예정업무] 1년치 캐시 변환 성공: /home/oxisnail/work/git/sbh/script/data/mission_2026_bio.json (총 155일 맵핑 완료)
2026-06-28 03:13:03 [INFO] ================ 예정업무 1년치 단독 배치 완료 ================
2026-06-28 04:13:02 [INFO] ================ 예정업무 1년치 단독 배치 시작 ================
2026-06-28 04:13:02 [INFO] [예정업무] 1년치 캐시 업데이트 시작
2026-06-28 04:13:03 [INFO] [예정업무] 기준 연도 확인 완료: 2026년
2026-06-28 04:13:03 [INFO] [예정업무] 1년치 캐시 변환 성공: /home/oxisnail/work/git/sbh/script/data/mission_2026_bio.json (총 155일 맵핑 완료)
2026-06-28 04:13:03 [INFO] ================ 예정업무 1년치 단독 배치 완료 ================
2026-06-28 05:13:03 [INFO] ================ 예정업무 1년치 단독 배치 시작 ================
2026-06-28 05:13:03 [INFO] [예정업무] 1년치 캐시 업데이트 시작
2026-06-28 05:13:03 [INFO] [예정업무] 기준 연도 확인 완료: 2026년
2026-06-28 05:13:04 [INFO] [예정업무] 1년치 캐시 변환 성공: /home/oxisnail/work/git/sbh/script/data/mission_2026_bio.json (총 155일 맵핑 완료)
2026-06-28 05:13:04 [INFO] ================ 예정업무 1년치 단독 배치 완료 ================
2026-06-28 06:13:03 [INFO] ================ 예정업무 1년치 단독 배치 시작 ================
2026-06-28 06:13:03 [INFO] [예정업무] 1년치 캐시 업데이트 시작
2026-06-28 06:13:04 [INFO] [예정업무] 기준 연도 확인 완료: 2026년
2026-06-28 06:13:04 [INFO] [예정업무] 1년치 캐시 변환 성공: /home/oxisnail/work/git/sbh/script/data/mission_2026_bio.json (총 155일 맵핑 완료)
2026-06-28 06:13:04 [INFO] ================ 예정업무 1년치 단독 배치 완료 ================
2026-06-28 07:13:03 [INFO] ================ 예정업무 1년치 단독 배치 시작 ================
2026-06-28 07:13:03 [INFO] [예정업무] 1년치 캐시 업데이트 시작
2026-06-28 07:13:03 [INFO] [예정업무] 기준 연도 확인 완료: 2026년
2026-06-28 07:13:04 [INFO] [예정업무] 1년치 캐시 변환 성공: /home/oxisnail/work/git/sbh/script/data/mission_2026_bio.json (총 155일 맵핑 완료)
2026-06-28 07:13:04 [INFO] ================ 예정업무 1년치 단독 배치 완료 ================
2026-06-28 08:13:03 [INFO] ================ 예정업무 1년치 단독 배치 시작 ================
2026-06-28 08:13:03 [INFO] [예정업무] 1년치 캐시 업데이트 시작
2026-06-28 08:13:03 [INFO] [예정업무] 기준 연도 확인 완료: 2026년
2026-06-28 08:13:04 [INFO] [예정업무] 1년치 캐시 변환 성공: /home/oxisnail/work/git/sbh/script/data/mission_2026_bio.json (총 155일 맵핑 완료)
2026-06-28 08:13:04 [INFO] ================ 예정업무 1년치 단독 배치 완료 ================
2026-06-28 09:13:03 [INFO] ================ 예정업무 1년치 단독 배치 시작 ================
2026-06-28 09:13:03 [INFO] [예정업무] 1년치 캐시 업데이트 시작
2026-06-28 09:13:03 [INFO] [예정업무] 기준 연도 확인 완료: 2026년
2026-06-28 09:13:03 [INFO] [예정업무] 1년치 캐시 변환 성공: /home/oxisnail/work/git/sbh/script/data/mission_2026_bio.json (총 155일 맵핑 완료)
2026-06-28 09:13:03 [INFO] ================ 예정업무 1년치 단독 배치 완료 ================
2026-06-28 10:13:02 [INFO] ================ 예정업무 1년치 단독 배치 시작 ================
2026-06-28 10:13:02 [INFO] [예정업무] 1년치 캐시 업데이트 시작
2026-06-28 10:13:03 [INFO] [예정업무] 기준 연도 확인 완료: 2026년
2026-06-28 10:13:03 [INFO] [예정업무] 1년치 캐시 변환 성공: /home/oxisnail/work/git/sbh/script/data/mission_2026_bio.json (총 155일 맵핑 완료)
2026-06-28 10:13:03 [INFO] ================ 예정업무 1년치 단독 배치 완료 ================
2026-06-28 11:13:02 [INFO] ================ 예정업무 1년치 단독 배치 시작 ================
2026-06-28 11:13:02 [INFO] [예정업무] 1년치 캐시 업데이트 시작
2026-06-28 11:13:03 [INFO] [예정업무] 기준 연도 확인 완료: 2026년
2026-06-28 11:13:03 [INFO] [예정업무] 1년치 캐시 변환 성공: /home/oxisnail/work/git/sbh/script/data/mission_2026_bio.json (총 155일 맵핑 완료)
2026-06-28 11:13:03 [INFO] ================ 예정업무 1년치 단독 배치 완료 ================
2026-06-28 12:13:02 [INFO] ================ 예정업무 1년치 단독 배치 시작 ================
2026-06-28 12:13:02 [INFO] [예정업무] 1년치 캐시 업데이트 시작
2026-06-28 12:13:02 [INFO] [예정업무] 기준 연도 확인 완료: 2026년
2026-06-28 12:13:03 [INFO] [예정업무] 1년치 캐시 변환 성공: /home/oxisnail/work/git/sbh/script/data/mission_2026_bio.json (총 155일 맵핑 완료)
2026-06-28 12:13:03 [INFO] ================ 예정업무 1년치 단독 배치 완료 ================
2026-06-28 13:13:02 [INFO] ================ 예정업무 1년치 단독 배치 시작 ================
2026-06-28 13:13:02 [INFO] [예정업무] 1년치 캐시 업데이트 시작
2026-06-28 13:13:02 [INFO] [예정업무] 기준 연도 확인 완료: 2026년
2026-06-28 13:13:03 [INFO] [예정업무] 1년치 캐시 변환 성공: /home/oxisnail/work/git/sbh/script/data/mission_2026_bio.json (총 155일 맵핑 완료)
2026-06-28 13:13:03 [INFO] ================ 예정업무 1년치 단독 배치 완료 ================
2026-06-28 14:13:03 [INFO] ================ 예정업무 1년치 단독 배치 시작 ================
2026-06-28 14:13:03 [INFO] [예정업무] 1년치 캐시 업데이트 시작
2026-06-28 14:13:03 [INFO] [예정업무] 기준 연도 확인 완료: 2026년
2026-06-28 14:13:03 [INFO] [예정업무] 1년치 캐시 변환 성공: /home/oxisnail/work/git/sbh/script/data/mission_2026_bio.json (총 155일 맵핑 완료)
2026-06-28 14:13:03 [INFO] ================ 예정업무 1년치 단독 배치 완료 ================
2026-06-28 15:13:03 [INFO] ================ 예정업무 1년치 단독 배치 시작 ================
2026-06-28 15:13:03 [INFO] [예정업무] 1년치 캐시 업데이트 시작
2026-06-28 15:13:03 [INFO] [예정업무] 기준 연도 확인 완료: 2026년
2026-06-28 15:13:04 [INFO] [예정업무] 1년치 캐시 변환 성공: /home/oxisnail/work/git/sbh/script/data/mission_2026_bio.json (총 155일 맵핑 완료)
2026-06-28 15:13:04 [INFO] ================ 예정업무 1년치 단독 배치 완료 ================
2026-06-28 16:13:02 [INFO] ================ 예정업무 1년치 단독 배치 시작 ================
2026-06-28 16:13:02 [INFO] [예정업무] 1년치 캐시 업데이트 시작
2026-06-28 16:13:03 [INFO] [예정업무] 기준 연도 확인 완료: 2026년
2026-06-28 16:13:03 [INFO] [예정업무] 1년치 캐시 변환 성공: /home/oxisnail/work/git/sbh/script/data/mission_2026_bio.json (총 155일 맵핑 완료)
2026-06-28 16:13:03 [INFO] ================ 예정업무 1년치 단독 배치 완료 ================
2026-06-28 17:13:02 [INFO] ================ 예정업무 1년치 단독 배치 시작 ================
2026-06-28 17:13:02 [INFO] [예정업무] 1년치 캐시 업데이트 시작
2026-06-28 17:13:03 [INFO] [예정업무] 기준 연도 확인 완료: 2026년
2026-06-28 17:13:03 [INFO] [예정업무] 1년치 캐시 변환 성공: /home/oxisnail/work/git/sbh/script/data/mission_2026_bio.json (총 155일 맵핑 완료)
2026-06-28 17:13:03 [INFO] ================ 예정업무 1년치 단독 배치 완료 ================
2026-06-28 18:13:02 [INFO] ================ 예정업무 1년치 단독 배치 시작 ================
2026-06-28 18:13:02 [INFO] [예정업무] 1년치 캐시 업데이트 시작
2026-06-28 18:13:02 [INFO] [예정업무] 기준 연도 확인 완료: 2026년
2026-06-28 18:13:02 [INFO] [예정업무] 1년치 캐시 변환 성공: /home/oxisnail/work/git/sbh/script/data/mission_2026_bio.json (총 155일 맵핑 완료)
2026-06-28 18:13:02 [INFO] ================ 예정업무 1년치 단독 배치 완료 ================
2026-06-28 19:13:03 [INFO] ================ 예정업무 1년치 단독 배치 시작 ================
2026-06-28 19:13:03 [INFO] [예정업무] 1년치 캐시 업데이트 시작
2026-06-28 19:13:03 [INFO] [예정업무] 기준 연도 확인 완료: 2026년
2026-06-28 19:13:03 [INFO] [예정업무] 1년치 캐시 변환 성공: /home/oxisnail/work/git/sbh/script/data/mission_2026_bio.json (총 155일 맵핑 완료)
2026-06-28 19:13:03 [INFO] ================ 예정업무 1년치 단독 배치 완료 ================
2026-06-28 20:13:02 [INFO] ================ 예정업무 1년치 단독 배치 시작 ================
2026-06-28 20:13:02 [INFO] [예정업무] 1년치 캐시 업데이트 시작
2026-06-28 20:13:02 [INFO] [예정업무] 기준 연도 확인 완료: 2026년
2026-06-28 20:13:02 [INFO] [예정업무] 1년치 캐시 변환 성공: /home/oxisnail/work/git/sbh/script/data/mission_2026_bio.json (총 155일 맵핑 완료)
2026-06-28 20:13:02 [INFO] ================ 예정업무 1년치 단독 배치 완료 ================
2026-06-28 21:13:03 [INFO] ================ 예정업무 1년치 단독 배치 시작 ================
2026-06-28 21:13:03 [INFO] [예정업무] 1년치 캐시 업데이트 시작
2026-06-28 21:13:03 [INFO] [예정업무] 기준 연도 확인 완료: 2026년
2026-06-28 21:13:03 [INFO] [예정업무] 1년치 캐시 변환 성공: /home/oxisnail/work/git/sbh/script/data/mission_2026_bio.json (총 155일 맵핑 완료)
2026-06-28 21:13:03 [INFO] ================ 예정업무 1년치 단독 배치 완료 ================
2026-06-28 22:13:02 [INFO] ================ 예정업무 1년치 단독 배치 시작 ================
2026-06-28 22:13:02 [INFO] [예정업무] 1년치 캐시 업데이트 시작
2026-06-28 22:13:02 [INFO] [예정업무] 기준 연도 확인 완료: 2026년
2026-06-28 22:13:03 [INFO] [예정업무] 1년치 캐시 변환 성공: /home/oxisnail/work/git/sbh/script/data/mission_2026_bio.json (총 155일 맵핑 완료)
2026-06-28 22:13:03 [INFO] ================ 예정업무 1년치 단독 배치 완료 ================
2026-06-28 23:13:02 [INFO] ================ 예정업무 1년치 단독 배치 시작 ================
2026-06-28 23:13:02 [INFO] [예정업무] 1년치 캐시 업데이트 시작
2026-06-28 23:13:02 [INFO] [예정업무] 기준 연도 확인 완료: 2026년
2026-06-28 23:13:03 [INFO] [예정업무] 1년치 캐시 변환 성공: /home/oxisnail/work/git/sbh/script/data/mission_2026_bio.json (총 155일 맵핑 완료)
2026-06-28 23:13:03 [INFO] ================ 예정업무 1년치 단독 배치 완료 ================
2026-06-29 00:13:02 [INFO] ================ 예정업무 1년치 단독 배치 시작 ================
2026-06-29 00:13:02 [INFO] [예정업무] 1년치 캐시 업데이트 시작
2026-06-29 00:13:03 [INFO] [예정업무] 기준 연도 확인 완료: 2026년
2026-06-29 00:13:03 [INFO] [예정업무] 1년치 캐시 변환 성공: /home/oxisnail/work/git/sbh/script/data/mission_2026_bio.json (총 155일 맵핑 완료)
2026-06-29 00:13:03 [INFO] ================ 예정업무 1년치 단독 배치 완료 ================
2026-06-29 01:13:03 [INFO] ================ 예정업무 1년치 단독 배치 시작 ================
2026-06-29 01:13:03 [INFO] [예정업무] 1년치 캐시 업데이트 시작
2026-06-29 01:13:03 [INFO] [예정업무] 기준 연도 확인 완료: 2026년
2026-06-29 01:13:04 [INFO] [예정업무] 1년치 캐시 변환 성공: /home/oxisnail/work/git/sbh/script/data/mission_2026_bio.json (총 155일 맵핑 완료)
2026-06-29 01:13:04 [INFO] ================ 예정업무 1년치 단독 배치 완료 ================
2026-06-29 02:13:03 [INFO] ================ 예정업무 1년치 단독 배치 시작 ================
2026-06-29 02:13:03 [INFO] [예정업무] 1년치 캐시 업데이트 시작
2026-06-29 02:13:03 [INFO] [예정업무] 기준 연도 확인 완료: 2026년
2026-06-29 02:13:03 [INFO] [예정업무] 1년치 캐시 변환 성공: /home/oxisnail/work/git/sbh/script/data/mission_2026_bio.json (총 155일 맵핑 완료)
2026-06-29 02:13:04 [INFO] ================ 예정업무 1년치 단독 배치 완료 ================
2026-06-29 03:13:02 [INFO] ================ 예정업무 1년치 단독 배치 시작 ================
2026-06-29 03:13:02 [INFO] [예정업무] 1년치 캐시 업데이트 시작
2026-06-29 03:13:02 [INFO] [예정업무] 기준 연도 확인 완료: 2026년
2026-06-29 03:13:03 [INFO] [예정업무] 1년치 캐시 변환 성공: /home/oxisnail/work/git/sbh/script/data/mission_2026_bio.json (총 155일 맵핑 완료)
2026-06-29 03:13:03 [INFO] ================ 예정업무 1년치 단독 배치 완료 ================
2026-06-29 04:13:02 [INFO] ================ 예정업무 1년치 단독 배치 시작 ================
2026-06-29 04:13:02 [INFO] [예정업무] 1년치 캐시 업데이트 시작
2026-06-29 04:13:03 [INFO] [예정업무] 기준 연도 확인 완료: 2026년
2026-06-29 04:13:03 [INFO] [예정업무] 1년치 캐시 변환 성공: /home/oxisnail/work/git/sbh/script/data/mission_2026_bio.json (총 155일 맵핑 완료)
2026-06-29 04:13:03 [INFO] ================ 예정업무 1년치 단독 배치 완료 ================
2026-06-29 05:13:03 [INFO] ================ 예정업무 1년치 단독 배치 시작 ================
2026-06-29 05:13:03 [INFO] [예정업무] 1년치 캐시 업데이트 시작
2026-06-29 05:13:03 [INFO] [예정업무] 기준 연도 확인 완료: 2026년
2026-06-29 05:13:03 [INFO] [예정업무] 1년치 캐시 변환 성공: /home/oxisnail/work/git/sbh/script/data/mission_2026_bio.json (총 155일 맵핑 완료)
2026-06-29 05:13:03 [INFO] ================ 예정업무 1년치 단독 배치 완료 ================
2026-06-29 06:13:02 [INFO] ================ 예정업무 1년치 단독 배치 시작 ================
2026-06-29 06:13:02 [INFO] [예정업무] 1년치 캐시 업데이트 시작
2026-06-29 06:13:03 [INFO] [예정업무] 기준 연도 확인 완료: 2026년
2026-06-29 06:13:03 [INFO] [예정업무] 1년치 캐시 변환 성공: /home/oxisnail/work/git/sbh/script/data/mission_2026_bio.json (총 155일 맵핑 완료)
2026-06-29 06:13:03 [INFO] ================ 예정업무 1년치 단독 배치 완료 ================
2026-06-29 07:13:02 [INFO] ================ 예정업무 1년치 단독 배치 시작 ================
2026-06-29 07:13:02 [INFO] [예정업무] 1년치 캐시 업데이트 시작
2026-06-29 07:13:03 [INFO] [예정업무] 기준 연도 확인 완료: 2026년
2026-06-29 07:13:03 [INFO] [예정업무] 1년치 캐시 변환 성공: /home/oxisnail/work/git/sbh/script/data/mission_2026_bio.json (총 155일 맵핑 완료)
2026-06-29 07:13:03 [INFO] ================ 예정업무 1년치 단독 배치 완료 ================
2026-06-29 08:13:02 [INFO] ================ 예정업무 1년치 단독 배치 시작 ================
2026-06-29 08:13:02 [INFO] [예정업무] 1년치 캐시 업데이트 시작
2026-06-29 08:13:02 [INFO] [예정업무] 기준 연도 확인 완료: 2026년
2026-06-29 08:13:02 [INFO] [예정업무] 1년치 캐시 변환 성공: /home/oxisnail/work/git/sbh/script/data/mission_2026_bio.json (총 155일 맵핑 완료)
2026-06-29 08:13:02 [INFO] ================ 예정업무 1년치 단독 배치 완료 ================
2026-06-29 09:13:02 [INFO] ================ 예정업무 1년치 단독 배치 시작 ================
2026-06-29 09:13:02 [INFO] [예정업무] 1년치 캐시 업데이트 시작
2026-06-29 09:13:03 [INFO] [예정업무] 기준 연도 확인 완료: 2026년
2026-06-29 09:13:03 [INFO] [예정업무] 1년치 캐시 변환 성공: /home/oxisnail/work/git/sbh/script/data/mission_2026_bio.json (총 155일 맵핑 완료)
2026-06-29 09:13:03 [INFO] ================ 예정업무 1년치 단독 배치 완료 ================
2026-06-29 10:13:02 [INFO] ================ 예정업무 1년치 단독 배치 시작 ================
2026-06-29 10:13:02 [INFO] [예정업무] 1년치 캐시 업데이트 시작
2026-06-29 10:13:03 [INFO] [예정업무] 기준 연도 확인 완료: 2026년
2026-06-29 10:13:03 [INFO] [예정업무] 1년치 캐시 변환 성공: /home/oxisnail/work/git/sbh/script/data/mission_2026_bio.json (총 155일 맵핑 완료)
2026-06-29 10:13:03 [INFO] ================ 예정업무 1년치 단독 배치 완료 ================
2026-06-29 11:13:03 [INFO] ================ 예정업무 1년치 단독 배치 시작 ================
2026-06-29 11:13:03 [INFO] [예정업무] 1년치 캐시 업데이트 시작
2026-06-29 11:13:03 [INFO] [예정업무] 기준 연도 확인 완료: 2026년
2026-06-29 11:13:03 [INFO] [예정업무] 1년치 캐시 변환 성공: /home/oxisnail/work/git/sbh/script/data/mission_2026_bio.json (총 155일 맵핑 완료)
2026-06-29 11:13:03 [INFO] ================ 예정업무 1년치 단독 배치 완료 ================
2026-06-29 12:13:02 [INFO] ================ 예정업무 1년치 단독 배치 시작 ================
2026-06-29 12:13:02 [INFO] [예정업무] 1년치 캐시 업데이트 시작
2026-06-29 12:13:03 [INFO] [예정업무] 기준 연도 확인 완료: 2026년
2026-06-29 12:13:03 [INFO] [예정업무] 1년치 캐시 변환 성공: /home/oxisnail/work/git/sbh/script/data/mission_2026_bio.json (총 155일 맵핑 완료)
2026-06-29 12:13:03 [INFO] ================ 예정업무 1년치 단독 배치 완료 ================
2026-06-29 14:13:03 [INFO] ================ 예정업무 1년치 단독 배치 시작 ================
2026-06-29 14:13:03 [INFO] [예정업무] 1년치 캐시 업데이트 시작
2026-06-29 14:13:04 [INFO] [예정업무] 기준 연도 확인 완료: 2026년
2026-06-29 14:13:04 [INFO] [예정업무] 1년치 캐시 변환 성공: /home/oxisnail/sbh/script/data/mission_2026_bio.json (총 155일 맵핑 완료)
2026-06-29 14:13:04 [INFO] ================ 예정업무 1년치 단독 배치 완료 ================
2026-06-29 15:13:03 [INFO] ================ 예정업무 1년치 단독 배치 시작 ================
2026-06-29 15:13:03 [INFO] [예정업무] 1년치 캐시 업데이트 시작
2026-06-29 15:13:03 [INFO] [예정업무] 기준 연도 확인 완료: 2026년
2026-06-29 15:13:04 [INFO] [예정업무] 1년치 캐시 변환 성공: /home/oxisnail/sbh/script/data/mission_2026_bio.json (총 155일 맵핑 완료)
2026-06-29 15:13:04 [INFO] ================ 예정업무 1년치 단독 배치 완료 ================
2026-06-29 16:13:02 [INFO] ================ 예정업무 1년치 단독 배치 시작 ================
2026-06-29 16:13:02 [INFO] [예정업무] 1년치 캐시 업데이트 시작
2026-06-29 16:13:02 [INFO] [예정업무] 기준 연도 확인 완료: 2026년
2026-06-29 16:13:03 [INFO] [예정업무] 1년치 캐시 변환 성공: /home/oxisnail/sbh/script/data/mission_2026_bio.json (총 155일 맵핑 완료)
2026-06-29 16:13:03 [INFO] ================ 예정업무 1년치 단독 배치 완료 ================
2026-06-29 17:13:03 [INFO] ================ 예정업무 1년치 단독 배치 시작 ================
2026-06-29 17:13:03 [INFO] [예정업무] 1년치 캐시 업데이트 시작
2026-06-29 17:13:03 [INFO] [예정업무] 기준 연도 확인 완료: 2026년
2026-06-29 17:13:03 [INFO] [예정업무] 1년치 캐시 변환 성공: /home/oxisnail/sbh/script/data/mission_2026_bio.json (총 155일 맵핑 완료)
2026-06-29 17:13:03 [INFO] ================ 예정업무 1년치 단독 배치 완료 ================
2026-06-29 18:13:02 [INFO] ================ 예정업무 1년치 단독 배치 시작 ================
2026-06-29 18:13:02 [INFO] [예정업무] 1년치 캐시 업데이트 시작
2026-06-29 18:13:03 [INFO] [예정업무] 기준 연도 확인 완료: 2026년
2026-06-29 18:13:03 [INFO] [예정업무] 1년치 캐시 변환 성공: /home/oxisnail/sbh/script/data/mission_2026_bio.json (총 155일 맵핑 완료)
2026-06-29 18:13:03 [INFO] ================ 예정업무 1년치 단독 배치 완료 ================
2026-06-29 19:13:02 [INFO] ================ 예정업무 1년치 단독 배치 시작 ================
2026-06-29 19:13:02 [INFO] [예정업무] 1년치 캐시 업데이트 시작
2026-06-29 19:13:02 [INFO] [예정업무] 기준 연도 확인 완료: 2026년
2026-06-29 19:13:03 [INFO] [예정업무] 1년치 캐시 변환 성공: /home/oxisnail/sbh/script/data/mission_2026_bio.json (총 155일 맵핑 완료)
2026-06-29 19:13:03 [INFO] ================ 예정업무 1년치 단독 배치 완료 ================
2026-06-29 20:13:02 [INFO] ================ 예정업무 1년치 단독 배치 시작 ================
2026-06-29 20:13:02 [INFO] [예정업무] 1년치 캐시 업데이트 시작
2026-06-29 20:13:02 [INFO] [예정업무] 기준 연도 확인 완료: 2026년
2026-06-29 20:13:03 [INFO] [예정업무] 1년치 캐시 변환 성공: /home/oxisnail/sbh/script/data/mission_2026_bio.json (총 155일 맵핑 완료)
2026-06-29 20:13:03 [INFO] ================ 예정업무 1년치 단독 배치 완료 ================
2026-06-29 21:13:02 [INFO] ================ 예정업무 1년치 단독 배치 시작 ================
2026-06-29 21:13:02 [INFO] [예정업무] 1년치 캐시 업데이트 시작
2026-06-29 21:13:02 [INFO] [예정업무] 기준 연도 확인 완료: 2026년
2026-06-29 21:13:03 [INFO] [예정업무] 1년치 캐시 변환 성공: /home/oxisnail/sbh/script/data/mission_2026_bio.json (총 155일 맵핑 완료)
2026-06-29 21:13:03 [INFO] ================ 예정업무 1년치 단독 배치 완료 ================
2026-06-29 22:13:02 [INFO] ================ 예정업무 1년치 단독 배치 시작 ================
2026-06-29 22:13:02 [INFO] [예정업무] 1년치 캐시 업데이트 시작
2026-06-29 22:13:02 [INFO] [예정업무] 기준 연도 확인 완료: 2026년
2026-06-29 22:13:03 [INFO] [예정업무] 1년치 캐시 변환 성공: /home/oxisnail/sbh/script/data/mission_2026_bio.json (총 155일 맵핑 완료)
2026-06-29 22:13:03 [INFO] ================ 예정업무 1년치 단독 배치 완료 ================
2026-06-29 23:13:02 [INFO] ================ 예정업무 1년치 단독 배치 시작 ================
2026-06-29 23:13:02 [INFO] [예정업무] 1년치 캐시 업데이트 시작
2026-06-29 23:13:02 [INFO] [예정업무] 기준 연도 확인 완료: 2026년
2026-06-29 23:13:03 [INFO] [예정업무] 1년치 캐시 변환 성공: /home/oxisnail/sbh/script/data/mission_2026_bio.json (총 155일 맵핑 완료)
2026-06-29 23:13:03 [INFO] ================ 예정업무 1년치 단독 배치 완료 ================
2026-06-30 00:13:03 [INFO] ================ 예정업무 1년치 단독 배치 시작 ================
2026-06-30 00:13:03 [INFO] [예정업무] 1년치 캐시 업데이트 시작
2026-06-30 00:13:03 [INFO] [예정업무] 기준 연도 확인 완료: 2026년
2026-06-30 00:13:03 [INFO] [예정업무] 1년치 캐시 변환 성공: /home/oxisnail/sbh/script/data/mission_2026_bio.json (총 155일 맵핑 완료)
2026-06-30 00:13:03 [INFO] ================ 예정업무 1년치 단독 배치 완료 ================
2026-06-30 01:13:02 [INFO] ================ 예정업무 1년치 단독 배치 시작 ================
2026-06-30 01:13:02 [INFO] [예정업무] 1년치 캐시 업데이트 시작
2026-06-30 01:13:03 [INFO] [예정업무] 기준 연도 확인 완료: 2026년
2026-06-30 01:13:03 [INFO] [예정업무] 1년치 캐시 변환 성공: /home/oxisnail/sbh/script/data/mission_2026_bio.json (총 155일 맵핑 완료)
2026-06-30 01:13:03 [INFO] ================ 예정업무 1년치 단독 배치 완료 ================
2026-06-30 02:13:02 [INFO] ================ 예정업무 1년치 단독 배치 시작 ================
2026-06-30 02:13:02 [INFO] [예정업무] 1년치 캐시 업데이트 시작
2026-06-30 02:13:02 [INFO] [예정업무] 기준 연도 확인 완료: 2026년
2026-06-30 02:13:03 [INFO] [예정업무] 1년치 캐시 변환 성공: /home/oxisnail/sbh/script/data/mission_2026_bio.json (총 155일 맵핑 완료)
2026-06-30 02:13:03 [INFO] ================ 예정업무 1년치 단독 배치 완료 ================
2026-06-30 03:13:02 [INFO] ================ 예정업무 1년치 단독 배치 시작 ================
2026-06-30 03:13:02 [INFO] [예정업무] 1년치 캐시 업데이트 시작
2026-06-30 03:13:02 [INFO] [예정업무] 기준 연도 확인 완료: 2026년
2026-06-30 03:13:03 [INFO] [예정업무] 1년치 캐시 변환 성공: /home/oxisnail/sbh/script/data/mission_2026_bio.json (총 155일 맵핑 완료)
2026-06-30 03:13:03 [INFO] ================ 예정업무 1년치 단독 배치 완료 ================
2026-06-30 04:13:03 [INFO] ================ 예정업무 1년치 단독 배치 시작 ================
2026-06-30 04:13:03 [INFO] [예정업무] 1년치 캐시 업데이트 시작
2026-06-30 04:13:03 [INFO] [예정업무] 기준 연도 확인 완료: 2026년
2026-06-30 04:13:03 [INFO] [예정업무] 1년치 캐시 변환 성공: /home/oxisnail/sbh/script/data/mission_2026_bio.json (총 155일 맵핑 완료)
2026-06-30 04:13:03 [INFO] ================ 예정업무 1년치 단독 배치 완료 ================
2026-06-30 05:13:03 [INFO] ================ 예정업무 1년치 단독 배치 시작 ================
2026-06-30 05:13:03 [INFO] [예정업무] 1년치 캐시 업데이트 시작
2026-06-30 05:13:04 [INFO] [예정업무] 기준 연도 확인 완료: 2026년
2026-06-30 05:13:04 [INFO] [예정업무] 1년치 캐시 변환 성공: /home/oxisnail/sbh/script/data/mission_2026_bio.json (총 155일 맵핑 완료)
2026-06-30 05:13:04 [INFO] ================ 예정업무 1년치 단독 배치 완료 ================
2026-06-30 06:13:03 [INFO] ================ 예정업무 1년치 단독 배치 시작 ================
2026-06-30 06:13:03 [INFO] [예정업무] 1년치 캐시 업데이트 시작
2026-06-30 06:13:03 [INFO] [예정업무] 기준 연도 확인 완료: 2026년
2026-06-30 06:13:03 [INFO] [예정업무] 1년치 캐시 변환 성공: /home/oxisnail/sbh/script/data/mission_2026_bio.json (총 155일 맵핑 완료)
2026-06-30 06:13:03 [INFO] ================ 예정업무 1년치 단독 배치 완료 ================
2026-06-30 07:13:02 [INFO] ================ 예정업무 1년치 단독 배치 시작 ================
2026-06-30 07:13:02 [INFO] [예정업무] 1년치 캐시 업데이트 시작
2026-06-30 07:13:03 [INFO] [예정업무] 기준 연도 확인 완료: 2026년
2026-06-30 07:13:03 [INFO] [예정업무] 1년치 캐시 변환 성공: /home/oxisnail/sbh/script/data/mission_2026_bio.json (총 155일 맵핑 완료)
2026-06-30 07:13:03 [INFO] ================ 예정업무 1년치 단독 배치 완료 ================
2026-06-30 08:13:02 [INFO] ================ 예정업무 1년치 단독 배치 시작 ================
2026-06-30 08:13:02 [INFO] [예정업무] 1년치 캐시 업데이트 시작
2026-06-30 08:13:02 [INFO] [예정업무] 기준 연도 확인 완료: 2026년
2026-06-30 08:13:03 [INFO] [예정업무] 1년치 캐시 변환 성공: /home/oxisnail/sbh/script/data/mission_2026_bio.json (총 155일 맵핑 완료)
2026-06-30 08:13:03 [INFO] ================ 예정업무 1년치 단독 배치 완료 ================
2026-06-30 09:13:02 [INFO] ================ 예정업무 1년치 단독 배치 시작 ================
2026-06-30 09:13:02 [INFO] [예정업무] 1년치 캐시 업데이트 시작
2026-06-30 09:13:02 [INFO] [예정업무] 기준 연도 확인 완료: 2026년
2026-06-30 09:13:03 [INFO] [예정업무] 1년치 캐시 변환 성공: /home/oxisnail/sbh/script/data/mission_2026_bio.json (총 155일 맵핑 완료)
2026-06-30 09:13:03 [INFO] ================ 예정업무 1년치 단독 배치 완료 ================
2026-06-30 10:13:02 [INFO] ================ 예정업무 1년치 단독 배치 시작 ================
2026-06-30 10:13:02 [INFO] [예정업무] 1년치 캐시 업데이트 시작
2026-06-30 10:13:02 [INFO] [예정업무] 기준 연도 확인 완료: 2026년
2026-06-30 10:13:03 [INFO] [예정업무] 1년치 캐시 변환 성공: /home/oxisnail/sbh/script/data/mission_2026_bio.json (총 155일 맵핑 완료)
2026-06-30 10:13:03 [INFO] ================ 예정업무 1년치 단독 배치 완료 ================
2026-06-30 11:13:03 [INFO] ================ 예정업무 1년치 단독 배치 시작 ================
2026-06-30 11:13:03 [INFO] [예정업무] 1년치 캐시 업데이트 시작
2026-06-30 11:13:03 [INFO] [예정업무] 기준 연도 확인 완료: 2026년
2026-06-30 11:13:03 [INFO] [예정업무] 1년치 캐시 변환 성공: /home/oxisnail/sbh/script/data/mission_2026_bio.json (총 155일 맵핑 완료)
2026-06-30 11:13:03 [INFO] ================ 예정업무 1년치 단독 배치 완료 ================
2026-06-30 12:13:03 [INFO] ================ 예정업무 1년치 단독 배치 시작 ================
2026-06-30 12:13:03 [INFO] [예정업무] 1년치 캐시 업데이트 시작
2026-06-30 12:13:04 [INFO] [예정업무] 기준 연도 확인 완료: 2026년
2026-06-30 12:13:04 [INFO] [예정업무] 1년치 캐시 변환 성공: /home/oxisnail/sbh/script/data/mission_2026_bio.json (총 155일 맵핑 완료)
2026-06-30 12:13:04 [INFO] ================ 예정업무 1년치 단독 배치 완료 ================
2026-06-30 13:13:03 [INFO] ================ 예정업무 1년치 단독 배치 시작 ================
2026-06-30 13:13:03 [INFO] [예정업무] 1년치 캐시 업데이트 시작
2026-06-30 13:13:03 [INFO] [예정업무] 기준 연도 확인 완료: 2026년
2026-06-30 13:13:04 [INFO] [예정업무] 1년치 캐시 변환 성공: /home/oxisnail/sbh/script/data/mission_2026_bio.json (총 155일 맵핑 완료)
2026-06-30 13:13:04 [INFO] ================ 예정업무 1년치 단독 배치 완료 ================
2026-06-30 14:13:03 [INFO] ================ 예정업무 1년치 단독 배치 시작 ================
2026-06-30 14:13:03 [INFO] [예정업무] 1년치 캐시 업데이트 시작
2026-06-30 14:13:04 [INFO] [예정업무] 기준 연도 확인 완료: 2026년
2026-06-30 14:13:04 [INFO] [예정업무] 1년치 캐시 변환 성공: /home/oxisnail/sbh/script/data/mission_2026_bio.json (총 155일 맵핑 완료)
2026-06-30 14:13:04 [INFO] ================ 예정업무 1년치 단독 배치 완료 ================
2026-06-30 15:13:02 [INFO] ================ 예정업무 1년치 단독 배치 시작 ================
2026-06-30 15:13:02 [INFO] [예정업무] 1년치 캐시 업데이트 시작
2026-06-30 15:13:03 [INFO] [예정업무] 기준 연도 확인 완료: 2026년
2026-06-30 15:13:03 [INFO] [예정업무] 1년치 캐시 변환 성공: /home/oxisnail/sbh/script/data/mission_2026_bio.json (총 155일 맵핑 완료)
2026-06-30 15:13:03 [INFO] ================ 예정업무 1년치 단독 배치 완료 ================
2026-06-30 16:13:04 [INFO] ================ 예정업무 1년치 단독 배치 시작 ================
2026-06-30 16:13:04 [INFO] [예정업무] 1년치 캐시 업데이트 시작
2026-06-30 16:13:04 [INFO] [예정업무] 기준 연도 확인 완료: 2026년
2026-06-30 16:13:04 [INFO] [예정업무] 1년치 캐시 변환 성공: /home/oxisnail/sbh/script/data/mission_2026_bio.json (총 155일 맵핑 완료)
2026-06-30 16:13:04 [INFO] ================ 예정업무 1년치 단독 배치 완료 ================
2026-06-30 17:13:03 [INFO] ================ 예정업무 1년치 단독 배치 시작 ================
2026-06-30 17:13:03 [INFO] [예정업무] 1년치 캐시 업데이트 시작
2026-06-30 17:13:03 [INFO] [예정업무] 기준 연도 확인 완료: 2026년
2026-06-30 17:13:04 [INFO] [예정업무] 1년치 캐시 변환 성공: /home/oxisnail/sbh/script/data/mission_2026_bio.json (총 155일 맵핑 완료)
2026-06-30 17:13:04 [INFO] ================ 예정업무 1년치 단독 배치 완료 ================
2026-06-30 18:13:05 [INFO] ================ 예정업무 1년치 단독 배치 시작 ================
2026-06-30 18:13:05 [INFO] [예정업무] 1년치 캐시 업데이트 시작
2026-06-30 18:13:05 [INFO] [예정업무] 기준 연도 확인 완료: 2026년
2026-06-30 18:13:06 [INFO] [예정업무] 1년치 캐시 변환 성공: /home/oxisnail/sbh/script/data/mission_2026_bio.json (총 155일 맵핑 완료)
2026-06-30 18:13:06 [INFO] ================ 예정업무 1년치 단독 배치 완료 ================
2026-06-30 19:13:03 [INFO] ================ 예정업무 1년치 단독 배치 시작 ================
2026-06-30 19:13:03 [INFO] [예정업무] 1년치 캐시 업데이트 시작
2026-06-30 19:13:03 [INFO] [예정업무] 기준 연도 확인 완료: 2026년
2026-06-30 19:13:04 [INFO] [예정업무] 1년치 캐시 변환 성공: /home/oxisnail/sbh/script/data/mission_2026_bio.json (총 155일 맵핑 완료)
2026-06-30 19:13:04 [INFO] ================ 예정업무 1년치 단독 배치 완료 ================
2026-06-30 20:13:02 [INFO] ================ 예정업무 1년치 단독 배치 시작 ================
2026-06-30 20:13:02 [INFO] [예정업무] 1년치 캐시 업데이트 시작
2026-06-30 20:13:03 [INFO] [예정업무] 기준 연도 확인 완료: 2026년
2026-06-30 20:13:03 [INFO] [예정업무] 1년치 캐시 변환 성공: /home/oxisnail/sbh/script/data/mission_2026_bio.json (총 155일 맵핑 완료)
2026-06-30 20:13:03 [INFO] ================ 예정업무 1년치 단독 배치 완료 ================
2026-06-30 21:13:03 [INFO] ================ 예정업무 1년치 단독 배치 시작 ================
2026-06-30 21:13:03 [INFO] [예정업무] 1년치 캐시 업데이트 시작
2026-06-30 21:13:03 [INFO] [예정업무] 기준 연도 확인 완료: 2026년
2026-06-30 21:13:04 [INFO] [예정업무] 1년치 캐시 변환 성공: /home/oxisnail/sbh/script/data/mission_2026_bio.json (총 155일 맵핑 완료)
2026-06-30 21:13:04 [INFO] ================ 예정업무 1년치 단독 배치 완료 ================
2026-06-30 22:13:03 [INFO] ================ 예정업무 1년치 단독 배치 시작 ================
2026-06-30 22:13:03 [INFO] [예정업무] 1년치 캐시 업데이트 시작
2026-06-30 22:13:04 [INFO] [예정업무] 기준 연도 확인 완료: 2026년
2026-06-30 22:13:04 [INFO] [예정업무] 1년치 캐시 변환 성공: /home/oxisnail/sbh/script/data/mission_2026_bio.json (총 155일 맵핑 완료)
2026-06-30 22:13:04 [INFO] ================ 예정업무 1년치 단독 배치 완료 ================
2026-06-30 23:13:04 [INFO] ================ 예정업무 1년치 단독 배치 시작 ================
2026-06-30 23:13:04 [INFO] [예정업무] 1년치 캐시 업데이트 시작
2026-06-30 23:13:04 [INFO] [예정업무] 기준 연도 확인 완료: 2026년
2026-06-30 23:13:05 [INFO] [예정업무] 1년치 캐시 변환 성공: /home/oxisnail/sbh/script/data/mission_2026_bio.json (총 155일 맵핑 완료)
2026-06-30 23:13:05 [INFO] ================ 예정업무 1년치 단독 배치 완료 ================
2026-07-01 00:13:04 [INFO] ================ 예정업무 1년치 단독 배치 시작 ================
2026-07-01 00:13:04 [INFO] [예정업무] 1년치 캐시 업데이트 시작
2026-07-01 00:13:05 [INFO] [예정업무] 기준 연도 확인 완료: 2026년
2026-07-01 00:13:05 [INFO] [예정업무] 1년치 캐시 변환 성공: /home/oxisnail/sbh/script/data/mission_2026_bio.json (총 155일 맵핑 완료)
2026-07-01 00:13:05 [INFO] ================ 예정업무 1년치 단독 배치 완료 ================
2026-07-01 01:13:03 [INFO] ================ 예정업무 1년치 단독 배치 시작 ================
2026-07-01 01:13:03 [INFO] [예정업무] 1년치 캐시 업데이트 시작
2026-07-01 01:13:04 [INFO] [예정업무] 기준 연도 확인 완료: 2026년
2026-07-01 01:13:04 [INFO] [예정업무] 1년치 캐시 변환 성공: /home/oxisnail/sbh/script/data/mission_2026_bio.json (총 155일 맵핑 완료)
2026-07-01 01:13:04 [INFO] ================ 예정업무 1년치 단독 배치 완료 ================
2026-07-01 02:13:03 [INFO] ================ 예정업무 1년치 단독 배치 시작 ================
2026-07-01 02:13:03 [INFO] [예정업무] 1년치 캐시 업데이트 시작
2026-07-01 02:13:03 [INFO] [예정업무] 기준 연도 확인 완료: 2026년
2026-07-01 02:13:04 [INFO] [예정업무] 1년치 캐시 변환 성공: /home/oxisnail/sbh/script/data/mission_2026_bio.json (총 155일 맵핑 완료)
2026-07-01 02:13:04 [INFO] ================ 예정업무 1년치 단독 배치 완료 ================
2026-07-01 03:13:03 [INFO] ================ 예정업무 1년치 단독 배치 시작 ================
2026-07-01 03:13:03 [INFO] [예정업무] 1년치 캐시 업데이트 시작
2026-07-01 03:13:04 [INFO] [예정업무] 기준 연도 확인 완료: 2026년
2026-07-01 03:13:04 [INFO] [예정업무] 1년치 캐시 변환 성공: /home/oxisnail/sbh/script/data/mission_2026_bio.json (총 155일 맵핑 완료)
2026-07-01 03:13:04 [INFO] ================ 예정업무 1년치 단독 배치 완료 ================
2026-07-01 04:13:04 [INFO] ================ 예정업무 1년치 단독 배치 시작 ================
2026-07-01 04:13:04 [INFO] [예정업무] 1년치 캐시 업데이트 시작
2026-07-01 04:13:04 [INFO] [예정업무] 기준 연도 확인 완료: 2026년
2026-07-01 04:13:05 [INFO] [예정업무] 1년치 캐시 변환 성공: /home/oxisnail/sbh/script/data/mission_2026_bio.json (총 155일 맵핑 완료)
2026-07-01 04:13:05 [INFO] ================ 예정업무 1년치 단독 배치 완료 ================
2026-07-01 05:13:03 [INFO] ================ 예정업무 1년치 단독 배치 시작 ================
2026-07-01 05:13:03 [INFO] [예정업무] 1년치 캐시 업데이트 시작
2026-07-01 05:13:03 [INFO] [예정업무] 기준 연도 확인 완료: 2026년
2026-07-01 05:13:04 [INFO] [예정업무] 1년치 캐시 변환 성공: /home/oxisnail/sbh/script/data/mission_2026_bio.json (총 155일 맵핑 완료)
2026-07-01 05:13:04 [INFO] ================ 예정업무 1년치 단독 배치 완료 ================
2026-07-01 06:13:03 [INFO] ================ 예정업무 1년치 단독 배치 시작 ================
2026-07-01 06:13:03 [INFO] [예정업무] 1년치 캐시 업데이트 시작
2026-07-01 06:13:04 [INFO] [예정업무] 기준 연도 확인 완료: 2026년
2026-07-01 06:13:04 [INFO] [예정업무] 1년치 캐시 변환 성공: /home/oxisnail/sbh/script/data/mission_2026_bio.json (총 155일 맵핑 완료)
2026-07-01 06:13:04 [INFO] ================ 예정업무 1년치 단독 배치 완료 ================
2026-07-01 07:13:03 [INFO] ================ 예정업무 1년치 단독 배치 시작 ================
2026-07-01 07:13:03 [INFO] [예정업무] 1년치 캐시 업데이트 시작
2026-07-01 07:13:04 [INFO] [예정업무] 기준 연도 확인 완료: 2026년
2026-07-01 07:13:04 [INFO] [예정업무] 1년치 캐시 변환 성공: /home/oxisnail/sbh/script/data/mission_2026_bio.json (총 155일 맵핑 완료)
2026-07-01 07:13:04 [INFO] ================ 예정업무 1년치 단독 배치 완료 ================
2026-07-01 08:13:03 [INFO] ================ 예정업무 1년치 단독 배치 시작 ================
2026-07-01 08:13:03 [INFO] [예정업무] 1년치 캐시 업데이트 시작
2026-07-01 08:13:04 [INFO] [예정업무] 기준 연도 확인 완료: 2026년
2026-07-01 08:13:04 [INFO] [예정업무] 1년치 캐시 변환 성공: /home/oxisnail/sbh/script/data/mission_2026_bio.json (총 155일 맵핑 완료)
2026-07-01 08:13:04 [INFO] ================ 예정업무 1년치 단독 배치 완료 ================
2026-07-01 09:13:03 [INFO] ================ 예정업무 1년치 단독 배치 시작 ================
2026-07-01 09:13:03 [INFO] [예정업무] 1년치 캐시 업데이트 시작
2026-07-01 09:13:04 [INFO] [예정업무] 기준 연도 확인 완료: 2026년
2026-07-01 09:13:04 [INFO] [예정업무] 1년치 캐시 변환 성공: /home/oxisnail/sbh/script/data/mission_2026_bio.json (총 155일 맵핑 완료)
2026-07-01 09:13:04 [INFO] ================ 예정업무 1년치 단독 배치 완료 ================
2026-07-01 10:13:03 [INFO] ================ 예정업무 1년치 단독 배치 시작 ================
2026-07-01 10:13:03 [INFO] [예정업무] 1년치 캐시 업데이트 시작
2026-07-01 10:13:03 [INFO] [예정업무] 기준 연도 확인 완료: 2026년
2026-07-01 10:13:04 [INFO] [예정업무] 1년치 캐시 변환 성공: /home/oxisnail/sbh/script/data/mission_2026_bio.json (총 155일 맵핑 완료)
2026-07-01 10:13:04 [INFO] ================ 예정업무 1년치 단독 배치 완료 ================
2026-07-01 11:13:04 [INFO] ================ 예정업무 1년치 단독 배치 시작 ================
2026-07-01 11:13:04 [INFO] [예정업무] 1년치 캐시 업데이트 시작
2026-07-01 11:13:04 [INFO] [예정업무] 기준 연도 확인 완료: 2026년
2026-07-01 11:13:04 [INFO] [예정업무] 1년치 캐시 변환 성공: /home/oxisnail/sbh/script/data/mission_2026_bio.json (총 155일 맵핑 완료)
2026-07-01 11:13:04 [INFO] ================ 예정업무 1년치 단독 배치 완료 ================
2026-07-01 12:13:04 [INFO] ================ 예정업무 1년치 단독 배치 시작 ================
2026-07-01 12:13:04 [INFO] [예정업무] 1년치 캐시 업데이트 시작
2026-07-01 12:13:04 [INFO] [예정업무] 기준 연도 확인 완료: 2026년
2026-07-01 12:13:05 [INFO] [예정업무] 1년치 캐시 변환 성공: /home/oxisnail/sbh/script/data/mission_2026_bio.json (총 155일 맵핑 완료)
2026-07-01 12:13:05 [INFO] ================ 예정업무 1년치 단독 배치 완료 ================
2026-07-01 13:13:03 [INFO] ================ 예정업무 1년치 단독 배치 시작 ================
2026-07-01 13:13:03 [INFO] [예정업무] 1년치 캐시 업데이트 시작
2026-07-01 13:13:04 [INFO] [예정업무] 기준 연도 확인 완료: 2026년
2026-07-01 13:13:04 [INFO] [예정업무] 1년치 캐시 변환 성공: /home/oxisnail/sbh/script/data/mission_2026_bio.json (총 155일 맵핑 완료)
2026-07-01 13:13:04 [INFO] ================ 예정업무 1년치 단독 배치 완료 ================
2026-07-01 14:13:03 [INFO] ================ 예정업무 1년치 단독 배치 시작 ================
2026-07-01 14:13:03 [INFO] [예정업무] 1년치 캐시 업데이트 시작
2026-07-01 14:13:03 [INFO] [예정업무] 기준 연도 확인 완료: 2026년
2026-07-01 14:13:04 [INFO] [예정업무] 1년치 캐시 변환 성공: /home/oxisnail/sbh/script/data/mission_2026_bio.json (총 155일 맵핑 완료)
2026-07-01 14:13:04 [INFO] ================ 예정업무 1년치 단독 배치 완료 ================
2026-07-01 15:13:03 [INFO] ================ 예정업무 1년치 단독 배치 시작 ================
2026-07-01 15:13:03 [INFO] [예정업무] 1년치 캐시 업데이트 시작
2026-07-01 15:13:03 [INFO] [예정업무] 기준 연도 확인 완료: 2026년
2026-07-01 15:13:03 [INFO] [예정업무] 1년치 캐시 변환 성공: /home/oxisnail/sbh/script/data/mission_2026_bio.json (총 155일 맵핑 완료)
2026-07-01 15:13:03 [INFO] ================ 예정업무 1년치 단독 배치 완료 ================
2026-07-01 16:13:03 [INFO] ================ 예정업무 1년치 단독 배치 시작 ================
2026-07-01 16:13:03 [INFO] [예정업무] 1년치 캐시 업데이트 시작
2026-07-01 16:13:04 [INFO] [예정업무] 기준 연도 확인 완료: 2026년
2026-07-01 16:13:04 [INFO] [예정업무] 1년치 캐시 변환 성공: /home/oxisnail/sbh/script/data/mission_2026_bio.json (총 155일 맵핑 완료)
2026-07-01 16:13:04 [INFO] ================ 예정업무 1년치 단독 배치 완료 ================
2026-07-01 17:13:03 [INFO] ================ 예정업무 1년치 단독 배치 시작 ================
2026-07-01 17:13:03 [INFO] [예정업무] 1년치 캐시 업데이트 시작
2026-07-01 17:13:04 [INFO] [예정업무] 기준 연도 확인 완료: 2026년
2026-07-01 17:13:04 [INFO] [예정업무] 1년치 캐시 변환 성공: /home/oxisnail/sbh/script/data/mission_2026_bio.json (총 155일 맵핑 완료)
2026-07-01 17:13:04 [INFO] ================ 예정업무 1년치 단독 배치 완료 ================
2026-07-01 18:13:03 [INFO] ================ 예정업무 1년치 단독 배치 시작 ================
2026-07-01 18:13:03 [INFO] [예정업무] 1년치 캐시 업데이트 시작
2026-07-01 18:13:03 [INFO] [예정업무] 기준 연도 확인 완료: 2026년
2026-07-01 18:13:03 [INFO] [예정업무] 1년치 캐시 변환 성공: /home/oxisnail/sbh/script/data/mission_2026_bio.json (총 155일 맵핑 완료)
2026-07-01 18:13:03 [INFO] ================ 예정업무 1년치 단독 배치 완료 ================
2026-07-01 19:13:03 [INFO] ================ 예정업무 1년치 단독 배치 시작 ================
2026-07-01 19:13:03 [INFO] [예정업무] 1년치 캐시 업데이트 시작
2026-07-01 19:13:03 [INFO] [예정업무] 기준 연도 확인 완료: 2026년
2026-07-01 19:13:04 [INFO] [예정업무] 1년치 캐시 변환 성공: /home/oxisnail/sbh/script/data/mission_2026_bio.json (총 155일 맵핑 완료)
2026-07-01 19:13:04 [INFO] ================ 예정업무 1년치 단독 배치 완료 ================
2026-07-01 20:13:03 [INFO] ================ 예정업무 1년치 단독 배치 시작 ================
2026-07-01 20:13:03 [INFO] [예정업무] 1년치 캐시 업데이트 시작
2026-07-01 20:13:04 [INFO] [예정업무] 기준 연도 확인 완료: 2026년
2026-07-01 20:13:04 [INFO] [예정업무] 1년치 캐시 변환 성공: /home/oxisnail/sbh/script/data/mission_2026_bio.json (총 155일 맵핑 완료)
2026-07-01 20:13:04 [INFO] ================ 예정업무 1년치 단독 배치 완료 ================
2026-07-01 21:13:03 [INFO] ================ 예정업무 1년치 단독 배치 시작 ================
2026-07-01 21:13:03 [INFO] [예정업무] 1년치 캐시 업데이트 시작
2026-07-01 21:13:04 [INFO] [예정업무] 기준 연도 확인 완료: 2026년
2026-07-01 21:13:04 [INFO] [예정업무] 1년치 캐시 변환 성공: /home/oxisnail/sbh/script/data/mission_2026_bio.json (총 155일 맵핑 완료)
2026-07-01 21:13:04 [INFO] ================ 예정업무 1년치 단독 배치 완료 ================
2026-07-01 22:13:03 [INFO] ================ 예정업무 1년치 단독 배치 시작 ================
2026-07-01 22:13:03 [INFO] [예정업무] 1년치 캐시 업데이트 시작
2026-07-01 22:13:03 [INFO] [예정업무] 기준 연도 확인 완료: 2026년
2026-07-01 22:13:04 [INFO] [예정업무] 1년치 캐시 변환 성공: /home/oxisnail/sbh/script/data/mission_2026_bio.json (총 155일 맵핑 완료)
2026-07-01 22:13:04 [INFO] ================ 예정업무 1년치 단독 배치 완료 ================
2026-07-01 23:13:03 [INFO] ================ 예정업무 1년치 단독 배치 시작 ================
2026-07-01 23:13:03 [INFO] [예정업무] 1년치 캐시 업데이트 시작
2026-07-01 23:13:04 [INFO] [예정업무] 기준 연도 확인 완료: 2026년
2026-07-01 23:13:04 [INFO] [예정업무] 1년치 캐시 변환 성공: /home/oxisnail/sbh/script/data/mission_2026_bio.json (총 155일 맵핑 완료)
2026-07-01 23:13:04 [INFO] ================ 예정업무 1년치 단독 배치 완료 ================
2026-07-02 00:13:02 [INFO] ================ 예정업무 1년치 단독 배치 시작 ================
2026-07-02 00:13:02 [INFO] [예정업무] 1년치 캐시 업데이트 시작
2026-07-02 00:13:03 [INFO] [예정업무] 기준 연도 확인 완료: 2026년
2026-07-02 00:13:03 [INFO] [예정업무] 1년치 캐시 변환 성공: /home/oxisnail/sbh/script/data/mission_2026_bio.json (총 155일 맵핑 완료)
2026-07-02 00:13:03 [INFO] ================ 예정업무 1년치 단독 배치 완료 ================
2026-07-02 01:13:03 [INFO] ================ 예정업무 1년치 단독 배치 시작 ================
2026-07-02 01:13:03 [INFO] [예정업무] 1년치 캐시 업데이트 시작
2026-07-02 01:13:04 [INFO] [예정업무] 기준 연도 확인 완료: 2026년
2026-07-02 01:13:04 [INFO] [예정업무] 1년치 캐시 변환 성공: /home/oxisnail/sbh/script/data/mission_2026_bio.json (총 155일 맵핑 완료)
2026-07-02 01:13:04 [INFO] ================ 예정업무 1년치 단독 배치 완료 ================
2026-07-02 02:13:03 [INFO] ================ 예정업무 1년치 단독 배치 시작 ================
2026-07-02 02:13:03 [INFO] [예정업무] 1년치 캐시 업데이트 시작
2026-07-02 02:13:03 [INFO] [예정업무] 기준 연도 확인 완료: 2026년
2026-07-02 02:13:03 [INFO] [예정업무] 1년치 캐시 변환 성공: /home/oxisnail/sbh/script/data/mission_2026_bio.json (총 155일 맵핑 완료)
2026-07-02 02:13:03 [INFO] ================ 예정업무 1년치 단독 배치 완료 ================
2026-07-02 03:13:03 [INFO] ================ 예정업무 1년치 단독 배치 시작 ================
2026-07-02 03:13:03 [INFO] [예정업무] 1년치 캐시 업데이트 시작
2026-07-02 03:13:03 [INFO] [예정업무] 기준 연도 확인 완료: 2026년
2026-07-02 03:13:04 [INFO] [예정업무] 1년치 캐시 변환 성공: /home/oxisnail/sbh/script/data/mission_2026_bio.json (총 155일 맵핑 완료)
2026-07-02 03:13:04 [INFO] ================ 예정업무 1년치 단독 배치 완료 ================
2026-07-02 04:13:03 [INFO] ================ 예정업무 1년치 단독 배치 시작 ================
2026-07-02 04:13:03 [INFO] [예정업무] 1년치 캐시 업데이트 시작
2026-07-02 04:13:03 [INFO] [예정업무] 기준 연도 확인 완료: 2026년
2026-07-02 04:13:04 [INFO] [예정업무] 1년치 캐시 변환 성공: /home/oxisnail/sbh/script/data/mission_2026_bio.json (총 155일 맵핑 완료)
2026-07-02 04:13:04 [INFO] ================ 예정업무 1년치 단독 배치 완료 ================
2026-07-02 05:13:03 [INFO] ================ 예정업무 1년치 단독 배치 시작 ================
2026-07-02 05:13:03 [INFO] [예정업무] 1년치 캐시 업데이트 시작
2026-07-02 05:13:04 [INFO] [예정업무] 기준 연도 확인 완료: 2026년
2026-07-02 05:13:04 [INFO] [예정업무] 1년치 캐시 변환 성공: /home/oxisnail/sbh/script/data/mission_2026_bio.json (총 155일 맵핑 완료)
2026-07-02 05:13:04 [INFO] ================ 예정업무 1년치 단독 배치 완료 ================
2026-07-02 06:13:03 [INFO] ================ 예정업무 1년치 단독 배치 시작 ================
2026-07-02 06:13:03 [INFO] [예정업무] 1년치 캐시 업데이트 시작
2026-07-02 06:13:03 [INFO] [예정업무] 기준 연도 확인 완료: 2026년
2026-07-02 06:13:04 [INFO] [예정업무] 1년치 캐시 변환 성공: /home/oxisnail/sbh/script/data/mission_2026_bio.json (총 155일 맵핑 완료)
2026-07-02 06:13:04 [INFO] ================ 예정업무 1년치 단독 배치 완료 ================
2026-07-02 07:13:05 [INFO] ================ 예정업무 1년치 단독 배치 시작 ================
2026-07-02 07:13:05 [INFO] [예정업무] 1년치 캐시 업데이트 시작
2026-07-02 07:13:05 [INFO] [예정업무] 기준 연도 확인 완료: 2026년
2026-07-02 07:13:06 [INFO] [예정업무] 1년치 캐시 변환 성공: /home/oxisnail/sbh/script/data/mission_2026_bio.json (총 155일 맵핑 완료)
2026-07-02 07:13:06 [INFO] ================ 예정업무 1년치 단독 배치 완료 ================
2026-07-02 08:13:07 [INFO] ================ 예정업무 1년치 단독 배치 시작 ================
2026-07-02 08:13:07 [INFO] [예정업무] 1년치 캐시 업데이트 시작
2026-07-02 08:13:07 [INFO] [예정업무] 기준 연도 확인 완료: 2026년
2026-07-02 08:13:08 [INFO] [예정업무] 1년치 캐시 변환 성공: /home/oxisnail/sbh/script/data/mission_2026_bio.json (총 155일 맵핑 완료)
2026-07-02 08:13:08 [INFO] ================ 예정업무 1년치 단독 배치 완료 ================
2026-07-02 09:13:06 [INFO] ================ 예정업무 1년치 단독 배치 시작 ================
2026-07-02 09:13:06 [INFO] [예정업무] 1년치 캐시 업데이트 시작
2026-07-02 09:13:06 [INFO] [예정업무] 기준 연도 확인 완료: 2026년
2026-07-02 09:13:07 [INFO] [예정업무] 1년치 캐시 변환 성공: /home/oxisnail/sbh/script/data/mission_2026_bio.json (총 155일 맵핑 완료)
2026-07-02 09:13:07 [INFO] ================ 예정업무 1년치 단독 배치 완료 ================
2026-07-02 10:13:03 [INFO] ================ 예정업무 1년치 단독 배치 시작 ================
2026-07-02 10:13:03 [INFO] [예정업무] 1년치 캐시 업데이트 시작
2026-07-02 10:13:03 [INFO] [예정업무] 기준 연도 확인 완료: 2026년
2026-07-02 10:13:04 [INFO] [예정업무] 1년치 캐시 변환 성공: /home/oxisnail/sbh/script/data/mission_2026_bio.json (총 155일 맵핑 완료)
2026-07-02 10:13:04 [INFO] ================ 예정업무 1년치 단독 배치 완료 ================
2026-07-02 11:13:04 [INFO] ================ 예정업무 1년치 단독 배치 시작 ================
2026-07-02 11:13:04 [INFO] [예정업무] 1년치 캐시 업데이트 시작
2026-07-02 11:13:05 [INFO] [예정업무] 기준 연도 확인 완료: 2026년
2026-07-02 11:13:05 [INFO] [예정업무] 1년치 캐시 변환 성공: /home/oxisnail/sbh/script/data/mission_2026_bio.json (총 155일 맵핑 완료)
2026-07-02 11:13:05 [INFO] ================ 예정업무 1년치 단독 배치 완료 ================
2026-07-02 12:13:03 [INFO] ================ 예정업무 1년치 단독 배치 시작 ================
2026-07-02 12:13:03 [INFO] [예정업무] 1년치 캐시 업데이트 시작
2026-07-02 12:13:03 [INFO] [예정업무] 기준 연도 확인 완료: 2026년
2026-07-02 12:13:04 [INFO] [예정업무] 1년치 캐시 변환 성공: /home/oxisnail/sbh/script/data/mission_2026_bio.json (총 155일 맵핑 완료)
2026-07-02 12:13:04 [INFO] ================ 예정업무 1년치 단독 배치 완료 ================
2026-07-02 13:13:04 [INFO] ================ 예정업무 1년치 단독 배치 시작 ================
2026-07-02 13:13:04 [INFO] [예정업무] 1년치 캐시 업데이트 시작
2026-07-02 13:13:04 [INFO] [예정업무] 기준 연도 확인 완료: 2026년
2026-07-02 13:13:04 [INFO] [예정업무] 1년치 캐시 변환 성공: /home/oxisnail/sbh/script/data/mission_2026_bio.json (총 155일 맵핑 완료)
2026-07-02 13:13:04 [INFO] ================ 예정업무 1년치 단독 배치 완료 ================
