2026-06-24 20:25:32 [INFO] ================ 이사 일정 추출 및 NTFY 알림 전송 시작 ================
2026-06-24 20:25:34 [INFO] NTFY 알림 발송 완료 (Topic: sbhmission_new, 오늘: 0건 / 내일: 2건)
2026-06-24 20:25:34 [INFO] ================ 이사 일정 추출 및 NTFY 알림 전송 종료 ================
2026-06-24 20:27:38 [INFO] ================ 이사 일정 추출 및 NTFY 알림 전송 시작 ================
2026-06-24 20:27:39 [INFO] NTFY 알림 발송 완료 (Topic: sbhmission_new, 오늘: 0건 / 내일: 2건)
2026-06-24 20:27:39 [INFO] ================ 이사 일정 추출 및 NTFY 알림 전송 종료 ================
2026-06-24 20:31:31 [INFO] ================ 이사 일정 추출 및 NTFY 알림 전송 시작 ================
2026-06-24 20:31:32 [ERROR] NTFY 서버 네트워크 API 전송 오류: name 'actions_header' is not defined
2026-06-24 20:31:32 [INFO] ================ 이사 일정 추출 및 NTFY 알림 전송 종료 ================
2026-06-24 20:32:06 [INFO] ================ 이사 일정 추출 및 NTFY 알림 전송 시작 ================
2026-06-24 20:32:08 [INFO] NTFY 알림 발송 완료 (Topic: sbhmission_new, 오늘: 0건 / 내일: 2건)
2026-06-24 20:32:08 [INFO] ================ 이사 일정 추출 및 NTFY 알림 전송 종료 ================
2026-06-24 20:59:19 [INFO] ================ 이사 일정 추출 및 NTFY 알림 전송 시작 ================
2026-06-24 20:59:21 [INFO] NTFY 알림 발송 완료 (Topic: sbhmission_new, 오늘: 0건 / 내일: 2건)
2026-06-24 20:59:21 [INFO] ================ 이사 일정 추출 및 NTFY 알림 전송 종료 ================
2026-06-24 21:00:36 [INFO] ================ 이사 일정 추출 및 NTFY 알림 전송 시작 ================
2026-06-24 21:00:38 [INFO] NTFY 알림 발송 완료 (Topic: sbhbio_new, 오늘: 0건 / 내일: 2건)
2026-06-24 21:00:38 [INFO] ================ 이사 일정 추출 및 NTFY 알림 전송 종료 ================
2026-06-24 21:02:47 [INFO] ================ 이사 일정 추출 및 NTFY 알림 전송 시작 ================
2026-06-24 21:02:49 [INFO] NTFY 알림 발송 완료 (Topic: sbhbio_new, 오늘: 0건 / 내일: 2건)
2026-06-24 21:02:49 [INFO] ================ 이사 일정 추출 및 NTFY 알림 전송 종료 ================
2026-06-24 21:04:37 [INFO] ================ 이사 일정 추출 및 NTFY 알림 전송 시작 ================
2026-06-24 21:04:39 [INFO] NTFY 알림 발송 완료 (Topic: sbhbio_new, 오늘: 0건 / 내일: 2건)
2026-06-24 21:04:39 [INFO] ================ 이사 일정 추출 및 NTFY 알림 전송 종료 ================
2026-06-24 21:19:54 [INFO] ================ 이사 일정 추출 및 NTFY 알림 전송 시작 ================
2026-06-24 21:19:55 [INFO] [보내기] 전송 대상 채널 주소: https://ntfy.sh/sbhtest
2026-06-24 21:19:56 [INFO] NTFY 알림 발송 완료 (Topic: sbhmission_new, 오늘: 0건 / 내일: 2건)
2026-06-24 21:19:56 [INFO] ================ 이사 일정 추출 및 NTFY 알림 전송 종료 ================
2026-06-24 21:22:26 [INFO] ================ 이사 일정 추출 및 NTFY 알림 전송 시작 ================
2026-06-24 21:22:27 [INFO] [보내기] 전송 대상 채널 주소: https://ntfy.sh/sbhtest
2026-06-24 21:22:28 [INFO] NTFY 알림 발송 완료 (Topic: sbhmission_new, 오늘: 0건 / 내일: 2건)
2026-06-24 21:22:28 [INFO] ================ 이사 일정 추출 및 NTFY 알림 전송 종료 ================
2026-06-24 21:23:18 [INFO] ================ 이사 일정 추출 및 NTFY 알림 전송 시작 ================
2026-06-24 21:23:19 [INFO] [보내기] 전송 대상 채널 주소: https://ntfy.sh/sbhtest
2026-06-24 21:23:20 [INFO] NTFY 알림 발송 완료 (Topic: sbhmission_new, 오늘: 0건 / 내일: 2건)
2026-06-24 21:23:20 [INFO] ================ 이사 일정 추출 및 NTFY 알림 전송 종료 ================
2026-06-24 21:23:33 [INFO] ================ 이사 일정 추출 및 NTFY 알림 전송 시작 ================
2026-06-24 21:23:34 [INFO] [보내기] 전송 대상 채널 주소: https://ntfy.sh/sbhtest
2026-06-24 21:23:34 [INFO] NTFY 알림 발송 완료 (Topic: sbhmission_new, 오늘: 0건 / 내일: 2건)
2026-06-24 21:23:34 [INFO] ================ 이사 일정 추출 및 NTFY 알림 전송 종료 ================
