2026-06-17 15:45:32 [INFO] ================ 이사 일정 구글 연동 배치 시작 ================
2026-06-17 15:45:32 [INFO] [이사정보] 구글 스프레드시트 로드 및 1년치 스케줄링 변환 시작
2026-06-17 15:45:32 [INFO] [이사정보] 현재 날짜 기준 연도 설정 완료: 2026년
2026-06-17 15:45:34 [INFO] [이사정보] 1년치 캐시 빌드 성공: /home/oxisnail/work/git/sbh/script/data/move.json (총 120건 데이터 바인딩 완료)
2026-06-17 15:45:34 [INFO] ================ 이사 일정 구글 연동 배치 완료 ================
2026-06-17 15:47:13 [INFO] ================ 이사 일정 구글 연동 배치 시작 ================
2026-06-17 15:47:13 [INFO] [이사정보] 구글 스프레드시트 로드 및 1년치 스케줄링 변환 시작
2026-06-17 15:47:13 [INFO] [이사정보] 현재 날짜 기준 연도 설정 완료: 2026년
2026-06-17 15:47:14 [INFO] [이사정보] 1년치 캐시 빌드 성공: /home/oxisnail/work/git/sbh/script/data/move_2026.json (총 120건 데이터 바인딩 완료)
2026-06-17 15:47:14 [INFO] ================ 이사 일정 구글 연동 배치 완료 ================
2026-06-17 15:49:04 [INFO] ================ 이사 일정 구글 연동 배치 시작 ================
2026-06-17 15:49:04 [INFO] [이사정보] 구글 스프레드시트 로드 및 1년치 스케줄링 변환 시작
2026-06-17 15:49:04 [INFO] [이사정보] 현재 날짜 기준 연도 설정 완료: 2026년
2026-06-17 15:49:04 [ERROR] [이사정보] 구글 스프레드시트 웹 접속에 실패했습니다.
사유: 404 Client Error: Not Found for url: https://docs.google.com/spreadsheets/d/244VXK8vUlIu2HPOOYJUmm324mdu7oG8bAfkIdf7ckqM/export?format=csv
Traceback (most recent call last):
  File "/home/oxisnail/work/git/sbh/script/./move_json_gen.py", line 106, in update_move_cache
    response.raise_for_status()
  File "/usr/lib/python3/dist-packages/requests/models.py", line 1021, in raise_for_status
    raise HTTPError(http_error_msg, response=self)
requests.exceptions.HTTPError: 404 Client Error: Not Found for url: https://docs.google.com/spreadsheets/d/244VXK8vUlIu2HPOOYJUmm324mdu7oG8bAfkIdf7ckqM/export?format=csv
2026-06-17 15:49:05 [INFO] [알림] ntfy 에러 알림 전송 완료
2026-06-17 15:49:05 [INFO] ================ 이사 일정 구글 연동 배치 완료 ================
2026-06-17 15:49:28 [INFO] ================ 이사 일정 구글 연동 배치 시작 ================
2026-06-17 15:49:28 [INFO] [이사정보] 구글 스프레드시트 로드 및 1년치 스케줄링 변환 시작
2026-06-17 15:49:28 [INFO] [이사정보] 현재 날짜 기준 연도 설정 완료: 2026년
2026-06-17 15:49:29 [INFO] [이사정보] 1년치 캐시 빌드 성공: /home/oxisnail/work/git/sbh/script/data/move_2026.json (총 120건 데이터 바인딩 완료)
2026-06-17 15:49:29 [INFO] ================ 이사 일정 구글 연동 배치 완료 ================
2026-06-23 14:21:13 [INFO] ================ 이사 일정 구글 연동 배치 시작 ================
2026-06-23 14:21:13 [INFO] [이사정보] 구글 스프레드시트 로드 및 1년치 스케줄링 변환 시작
2026-06-23 14:21:13 [INFO] [이사정보] 현재 날짜 기준 연도 설정 완료: 2026년
2026-06-23 14:21:14 [INFO] [이사정보] 1년치 캐시 빌드 성공: /home/oxisnail/work/git/sbh/script/data/move_2026.json (총 127건 데이터 바인딩 완료)
2026-06-23 14:21:14 [INFO] ================ 이사 일정 구글 연동 배치 완료 ================
2026-06-23 14:38:29 [INFO] ================ 이사 일정 구글 연동 배치 시작 ================
2026-06-23 14:38:29 [INFO] [이사정보] 구글 스프레드시트 로드 및 1년치 스케줄링 변환 시작
2026-06-23 14:38:29 [INFO] [이사정보] 현재 날짜 기준 연도 설정 완료: 2026년
2026-06-23 14:38:31 [INFO] [이사정보] 1년치 캐시 빌드 성공: /home/oxisnail/work/git/sbh/script/data/move_2026.json (총 127건 데이터 바인딩 완료)
2026-06-23 14:38:31 [INFO] ================ 이사 일정 구글 연동 배치 완료 ================
2026-06-23 15:15:02 [INFO] ================ 이사 일정 구글 연동 배치 시작 ================
2026-06-23 15:15:02 [INFO] [이사정보] 구글 스프레드시트 로드 및 1년치 스케줄링 변환 시작
2026-06-23 15:15:02 [INFO] [이사정보] 현재 날짜 기준 연도 설정 완료: 2026년
2026-06-23 15:15:04 [INFO] [이사정보] 1년치 캐시 빌드 성공: /home/oxisnail/work/git/sbh/script/data/move_2026.json (총 127건 데이터 바인딩 완료)
2026-06-23 15:15:04 [INFO] ================ 이사 일정 구글 연동 배치 완료 ================
2026-06-23 16:15:02 [INFO] ================ 이사 일정 구글 연동 배치 시작 ================
2026-06-23 16:15:02 [INFO] [이사정보] 구글 스프레드시트 로드 및 1년치 스케줄링 변환 시작
2026-06-23 16:15:02 [INFO] [이사정보] 현재 날짜 기준 연도 설정 완료: 2026년
2026-06-23 16:15:04 [INFO] [이사정보] 1년치 캐시 빌드 성공: /home/oxisnail/work/git/sbh/script/data/move_2026.json (총 127건 데이터 바인딩 완료)
2026-06-23 16:15:04 [INFO] ================ 이사 일정 구글 연동 배치 완료 ================
2026-06-23 17:15:02 [INFO] ================ 이사 일정 구글 연동 배치 시작 ================
2026-06-23 17:15:02 [INFO] [이사정보] 구글 스프레드시트 로드 및 1년치 스케줄링 변환 시작
2026-06-23 17:15:02 [INFO] [이사정보] 현재 날짜 기준 연도 설정 완료: 2026년
2026-06-23 17:15:04 [INFO] [이사정보] 1년치 캐시 빌드 성공: /home/oxisnail/work/git/sbh/script/data/move_2026.json (총 127건 데이터 바인딩 완료)
2026-06-23 17:15:04 [INFO] ================ 이사 일정 구글 연동 배치 완료 ================
2026-06-23 18:15:03 [INFO] ================ 이사 일정 구글 연동 배치 시작 ================
2026-06-23 18:15:03 [INFO] [이사정보] 구글 스프레드시트 로드 및 1년치 스케줄링 변환 시작
2026-06-23 18:15:03 [INFO] [이사정보] 현재 날짜 기준 연도 설정 완료: 2026년
2026-06-23 18:15:04 [INFO] [이사정보] 1년치 캐시 빌드 성공: /home/oxisnail/work/git/sbh/script/data/move_2026.json (총 127건 데이터 바인딩 완료)
2026-06-23 18:15:04 [INFO] ================ 이사 일정 구글 연동 배치 완료 ================
2026-06-23 19:15:02 [INFO] ================ 이사 일정 구글 연동 배치 시작 ================
2026-06-23 19:15:02 [INFO] [이사정보] 구글 스프레드시트 로드 및 1년치 스케줄링 변환 시작
2026-06-23 19:15:02 [INFO] [이사정보] 현재 날짜 기준 연도 설정 완료: 2026년
2026-06-23 19:15:03 [INFO] [이사정보] 1년치 캐시 빌드 성공: /home/oxisnail/work/git/sbh/script/data/move_2026.json (총 127건 데이터 바인딩 완료)
2026-06-23 19:15:03 [INFO] ================ 이사 일정 구글 연동 배치 완료 ================
2026-06-23 20:15:03 [INFO] ================ 이사 일정 구글 연동 배치 시작 ================
2026-06-23 20:15:03 [INFO] [이사정보] 구글 스프레드시트 로드 및 1년치 스케줄링 변환 시작
2026-06-23 20:15:03 [INFO] [이사정보] 현재 날짜 기준 연도 설정 완료: 2026년
2026-06-23 20:15:04 [INFO] [이사정보] 1년치 캐시 빌드 성공: /home/oxisnail/work/git/sbh/script/data/move_2026.json (총 127건 데이터 바인딩 완료)
2026-06-23 20:15:04 [INFO] ================ 이사 일정 구글 연동 배치 완료 ================
2026-06-23 21:15:03 [INFO] ================ 이사 일정 구글 연동 배치 시작 ================
2026-06-23 21:15:03 [INFO] [이사정보] 구글 스프레드시트 로드 및 1년치 스케줄링 변환 시작
2026-06-23 21:15:03 [INFO] [이사정보] 현재 날짜 기준 연도 설정 완료: 2026년
2026-06-23 21:15:04 [INFO] [이사정보] 1년치 캐시 빌드 성공: /home/oxisnail/work/git/sbh/script/data/move_2026.json (총 127건 데이터 바인딩 완료)
2026-06-23 21:15:04 [INFO] ================ 이사 일정 구글 연동 배치 완료 ================
2026-06-23 22:15:02 [INFO] ================ 이사 일정 구글 연동 배치 시작 ================
2026-06-23 22:15:02 [INFO] [이사정보] 구글 스프레드시트 로드 및 1년치 스케줄링 변환 시작
2026-06-23 22:15:02 [INFO] [이사정보] 현재 날짜 기준 연도 설정 완료: 2026년
2026-06-23 22:15:03 [INFO] [이사정보] 1년치 캐시 빌드 성공: /home/oxisnail/work/git/sbh/script/data/move_2026.json (총 127건 데이터 바인딩 완료)
2026-06-23 22:15:03 [INFO] ================ 이사 일정 구글 연동 배치 완료 ================
2026-06-23 23:15:02 [INFO] ================ 이사 일정 구글 연동 배치 시작 ================
2026-06-23 23:15:02 [INFO] [이사정보] 구글 스프레드시트 로드 및 1년치 스케줄링 변환 시작
2026-06-23 23:15:02 [INFO] [이사정보] 현재 날짜 기준 연도 설정 완료: 2026년
2026-06-23 23:15:04 [INFO] [이사정보] 1년치 캐시 빌드 성공: /home/oxisnail/work/git/sbh/script/data/move_2026.json (총 127건 데이터 바인딩 완료)
2026-06-23 23:15:04 [INFO] ================ 이사 일정 구글 연동 배치 완료 ================
2026-06-24 00:15:02 [INFO] ================ 이사 일정 구글 연동 배치 시작 ================
2026-06-24 00:15:02 [INFO] [이사정보] 구글 스프레드시트 로드 및 1년치 스케줄링 변환 시작
2026-06-24 00:15:02 [INFO] [이사정보] 현재 날짜 기준 연도 설정 완료: 2026년
2026-06-24 00:15:04 [INFO] [이사정보] 1년치 캐시 빌드 성공: /home/oxisnail/work/git/sbh/script/data/move_2026.json (총 127건 데이터 바인딩 완료)
2026-06-24 00:15:04 [INFO] ================ 이사 일정 구글 연동 배치 완료 ================
2026-06-24 01:15:03 [INFO] ================ 이사 일정 구글 연동 배치 시작 ================
2026-06-24 01:15:03 [INFO] [이사정보] 구글 스프레드시트 로드 및 1년치 스케줄링 변환 시작
2026-06-24 01:15:03 [INFO] [이사정보] 현재 날짜 기준 연도 설정 완료: 2026년
2026-06-24 01:15:04 [INFO] [이사정보] 1년치 캐시 빌드 성공: /home/oxisnail/work/git/sbh/script/data/move_2026.json (총 127건 데이터 바인딩 완료)
2026-06-24 01:15:04 [INFO] ================ 이사 일정 구글 연동 배치 완료 ================
2026-06-24 02:15:03 [INFO] ================ 이사 일정 구글 연동 배치 시작 ================
2026-06-24 02:15:03 [INFO] [이사정보] 구글 스프레드시트 로드 및 1년치 스케줄링 변환 시작
2026-06-24 02:15:03 [INFO] [이사정보] 현재 날짜 기준 연도 설정 완료: 2026년
2026-06-24 02:15:04 [INFO] [이사정보] 1년치 캐시 빌드 성공: /home/oxisnail/work/git/sbh/script/data/move_2026.json (총 127건 데이터 바인딩 완료)
2026-06-24 02:15:04 [INFO] ================ 이사 일정 구글 연동 배치 완료 ================
2026-06-24 03:15:02 [INFO] ================ 이사 일정 구글 연동 배치 시작 ================
2026-06-24 03:15:02 [INFO] [이사정보] 구글 스프레드시트 로드 및 1년치 스케줄링 변환 시작
2026-06-24 03:15:02 [INFO] [이사정보] 현재 날짜 기준 연도 설정 완료: 2026년
2026-06-24 03:15:04 [INFO] [이사정보] 1년치 캐시 빌드 성공: /home/oxisnail/work/git/sbh/script/data/move_2026.json (총 127건 데이터 바인딩 완료)
2026-06-24 03:15:04 [INFO] ================ 이사 일정 구글 연동 배치 완료 ================
2026-06-24 04:15:02 [INFO] ================ 이사 일정 구글 연동 배치 시작 ================
2026-06-24 04:15:02 [INFO] [이사정보] 구글 스프레드시트 로드 및 1년치 스케줄링 변환 시작
2026-06-24 04:15:02 [INFO] [이사정보] 현재 날짜 기준 연도 설정 완료: 2026년
2026-06-24 04:15:04 [INFO] [이사정보] 1년치 캐시 빌드 성공: /home/oxisnail/work/git/sbh/script/data/move_2026.json (총 127건 데이터 바인딩 완료)
2026-06-24 04:15:04 [INFO] ================ 이사 일정 구글 연동 배치 완료 ================
2026-06-24 05:15:03 [INFO] ================ 이사 일정 구글 연동 배치 시작 ================
2026-06-24 05:15:03 [INFO] [이사정보] 구글 스프레드시트 로드 및 1년치 스케줄링 변환 시작
2026-06-24 05:15:03 [INFO] [이사정보] 현재 날짜 기준 연도 설정 완료: 2026년
2026-06-24 05:15:05 [INFO] [이사정보] 1년치 캐시 빌드 성공: /home/oxisnail/work/git/sbh/script/data/move_2026.json (총 127건 데이터 바인딩 완료)
2026-06-24 05:15:05 [INFO] ================ 이사 일정 구글 연동 배치 완료 ================
2026-06-24 06:15:03 [INFO] ================ 이사 일정 구글 연동 배치 시작 ================
2026-06-24 06:15:03 [INFO] [이사정보] 구글 스프레드시트 로드 및 1년치 스케줄링 변환 시작
2026-06-24 06:15:03 [INFO] [이사정보] 현재 날짜 기준 연도 설정 완료: 2026년
2026-06-24 06:15:04 [INFO] [이사정보] 1년치 캐시 빌드 성공: /home/oxisnail/work/git/sbh/script/data/move_2026.json (총 127건 데이터 바인딩 완료)
2026-06-24 06:15:04 [INFO] ================ 이사 일정 구글 연동 배치 완료 ================
2026-06-24 07:15:03 [INFO] ================ 이사 일정 구글 연동 배치 시작 ================
2026-06-24 07:15:03 [INFO] [이사정보] 구글 스프레드시트 로드 및 1년치 스케줄링 변환 시작
2026-06-24 07:15:03 [INFO] [이사정보] 현재 날짜 기준 연도 설정 완료: 2026년
2026-06-24 07:15:04 [INFO] [이사정보] 1년치 캐시 빌드 성공: /home/oxisnail/work/git/sbh/script/data/move_2026.json (총 127건 데이터 바인딩 완료)
2026-06-24 07:15:04 [INFO] ================ 이사 일정 구글 연동 배치 완료 ================
2026-06-24 08:15:02 [INFO] ================ 이사 일정 구글 연동 배치 시작 ================
2026-06-24 08:15:02 [INFO] [이사정보] 구글 스프레드시트 로드 및 1년치 스케줄링 변환 시작
2026-06-24 08:15:02 [INFO] [이사정보] 현재 날짜 기준 연도 설정 완료: 2026년
2026-06-24 08:15:04 [INFO] [이사정보] 1년치 캐시 빌드 성공: /home/oxisnail/work/git/sbh/script/data/move_2026.json (총 127건 데이터 바인딩 완료)
2026-06-24 08:15:04 [INFO] ================ 이사 일정 구글 연동 배치 완료 ================
2026-06-24 09:15:03 [INFO] ================ 이사 일정 구글 연동 배치 시작 ================
2026-06-24 09:15:03 [INFO] [이사정보] 구글 스프레드시트 로드 및 1년치 스케줄링 변환 시작
2026-06-24 09:15:03 [INFO] [이사정보] 현재 날짜 기준 연도 설정 완료: 2026년
2026-06-24 09:15:04 [INFO] [이사정보] 1년치 캐시 빌드 성공: /home/oxisnail/work/git/sbh/script/data/move_2026.json (총 128건 데이터 바인딩 완료)
2026-06-24 09:15:04 [INFO] ================ 이사 일정 구글 연동 배치 완료 ================
2026-06-24 10:15:02 [INFO] ================ 이사 일정 구글 연동 배치 시작 ================
2026-06-24 10:15:02 [INFO] [이사정보] 구글 스프레드시트 로드 및 1년치 스케줄링 변환 시작
2026-06-24 10:15:02 [INFO] [이사정보] 현재 날짜 기준 연도 설정 완료: 2026년
2026-06-24 10:15:04 [INFO] [이사정보] 1년치 캐시 빌드 성공: /home/oxisnail/work/git/sbh/script/data/move_2026.json (총 128건 데이터 바인딩 완료)
2026-06-24 10:15:04 [INFO] ================ 이사 일정 구글 연동 배치 완료 ================
2026-06-24 11:15:03 [INFO] ================ 이사 일정 구글 연동 배치 시작 ================
2026-06-24 11:15:03 [INFO] [이사정보] 구글 스프레드시트 로드 및 1년치 스케줄링 변환 시작
2026-06-24 11:15:03 [INFO] [이사정보] 현재 날짜 기준 연도 설정 완료: 2026년
2026-06-24 11:15:04 [INFO] [이사정보] 1년치 캐시 빌드 성공: /home/oxisnail/work/git/sbh/script/data/move_2026.json (총 128건 데이터 바인딩 완료)
2026-06-24 11:15:04 [INFO] ================ 이사 일정 구글 연동 배치 완료 ================
2026-06-24 12:15:02 [INFO] ================ 이사 일정 구글 연동 배치 시작 ================
2026-06-24 12:15:02 [INFO] [이사정보] 구글 스프레드시트 로드 및 1년치 스케줄링 변환 시작
2026-06-24 12:15:02 [INFO] [이사정보] 현재 날짜 기준 연도 설정 완료: 2026년
2026-06-24 12:15:04 [INFO] [이사정보] 1년치 캐시 빌드 성공: /home/oxisnail/work/git/sbh/script/data/move_2026.json (총 128건 데이터 바인딩 완료)
2026-06-24 12:15:04 [INFO] ================ 이사 일정 구글 연동 배치 완료 ================
2026-06-24 13:15:02 [INFO] ================ 이사 일정 구글 연동 배치 시작 ================
2026-06-24 13:15:02 [INFO] [이사정보] 구글 스프레드시트 로드 및 1년치 스케줄링 변환 시작
2026-06-24 13:15:02 [INFO] [이사정보] 현재 날짜 기준 연도 설정 완료: 2026년
2026-06-24 13:15:04 [INFO] [이사정보] 1년치 캐시 빌드 성공: /home/oxisnail/work/git/sbh/script/data/move_2026.json (총 128건 데이터 바인딩 완료)
2026-06-24 13:15:04 [INFO] ================ 이사 일정 구글 연동 배치 완료 ================
2026-06-24 14:15:02 [INFO] ================ 이사 일정 구글 연동 배치 시작 ================
2026-06-24 14:15:02 [INFO] [이사정보] 구글 스프레드시트 로드 및 1년치 스케줄링 변환 시작
2026-06-24 14:15:02 [INFO] [이사정보] 현재 날짜 기준 연도 설정 완료: 2026년
2026-06-24 14:15:03 [INFO] [이사정보] 1년치 캐시 빌드 성공: /home/oxisnail/work/git/sbh/script/data/move_2026.json (총 128건 데이터 바인딩 완료)
2026-06-24 14:15:03 [INFO] ================ 이사 일정 구글 연동 배치 완료 ================
2026-06-24 15:15:02 [INFO] ================ 이사 일정 구글 연동 배치 시작 ================
2026-06-24 15:15:02 [INFO] [이사정보] 구글 스프레드시트 로드 및 1년치 스케줄링 변환 시작
2026-06-24 15:15:02 [INFO] [이사정보] 현재 날짜 기준 연도 설정 완료: 2026년
2026-06-24 15:15:04 [INFO] [이사정보] 1년치 캐시 빌드 성공: /home/oxisnail/work/git/sbh/script/data/move_2026.json (총 128건 데이터 바인딩 완료)
2026-06-24 15:15:04 [INFO] ================ 이사 일정 구글 연동 배치 완료 ================
2026-06-24 16:15:02 [INFO] ================ 이사 일정 구글 연동 배치 시작 ================
2026-06-24 16:15:02 [INFO] [이사정보] 구글 스프레드시트 로드 및 1년치 스케줄링 변환 시작
2026-06-24 16:15:02 [INFO] [이사정보] 현재 날짜 기준 연도 설정 완료: 2026년
2026-06-24 16:15:04 [INFO] [이사정보] 1년치 캐시 빌드 성공: /home/oxisnail/work/git/sbh/script/data/move_2026.json (총 128건 데이터 바인딩 완료)
2026-06-24 16:15:04 [INFO] ================ 이사 일정 구글 연동 배치 완료 ================
2026-06-24 17:15:02 [INFO] ================ 이사 일정 구글 연동 배치 시작 ================
2026-06-24 17:15:02 [INFO] [이사정보] 구글 스프레드시트 로드 및 1년치 스케줄링 변환 시작
2026-06-24 17:15:02 [INFO] [이사정보] 현재 날짜 기준 연도 설정 완료: 2026년
2026-06-24 17:15:03 [INFO] [이사정보] 1년치 캐시 빌드 성공: /home/oxisnail/work/git/sbh/script/data/move_2026.json (총 128건 데이터 바인딩 완료)
2026-06-24 17:15:03 [INFO] ================ 이사 일정 구글 연동 배치 완료 ================
2026-06-24 18:15:03 [INFO] ================ 이사 일정 구글 연동 배치 시작 ================
2026-06-24 18:15:03 [INFO] [이사정보] 구글 스프레드시트 로드 및 1년치 스케줄링 변환 시작
2026-06-24 18:15:03 [INFO] [이사정보] 현재 날짜 기준 연도 설정 완료: 2026년
2026-06-24 18:15:04 [INFO] [이사정보] 1년치 캐시 빌드 성공: /home/oxisnail/work/git/sbh/script/data/move_2026.json (총 128건 데이터 바인딩 완료)
2026-06-24 18:15:04 [INFO] ================ 이사 일정 구글 연동 배치 완료 ================
2026-06-24 19:15:03 [INFO] ================ 이사 일정 구글 연동 배치 시작 ================
2026-06-24 19:15:03 [INFO] [이사정보] 구글 스프레드시트 로드 및 1년치 스케줄링 변환 시작
2026-06-24 19:15:03 [INFO] [이사정보] 현재 날짜 기준 연도 설정 완료: 2026년
2026-06-24 19:15:05 [INFO] [이사정보] 1년치 캐시 빌드 성공: /home/oxisnail/work/git/sbh/script/data/move_2026.json (총 128건 데이터 바인딩 완료)
2026-06-24 19:15:05 [INFO] ================ 이사 일정 구글 연동 배치 완료 ================
2026-06-24 20:15:03 [INFO] ================ 이사 일정 구글 연동 배치 시작 ================
2026-06-24 20:15:03 [INFO] [이사정보] 구글 스프레드시트 로드 및 1년치 스케줄링 변환 시작
2026-06-24 20:15:03 [INFO] [이사정보] 현재 날짜 기준 연도 설정 완료: 2026년
2026-06-24 20:15:05 [INFO] [이사정보] 1년치 캐시 빌드 성공: /home/oxisnail/work/git/sbh/script/data/move_2026.json (총 128건 데이터 바인딩 완료)
2026-06-24 20:15:05 [INFO] ================ 이사 일정 구글 연동 배치 완료 ================
