[[2026-06-17 16:43:29]_bio_alarm.py] ### 스크립트 실시간 서비스 데몬 기동 (JSON 캐시 스캔 모드) ###
[[2026-06-17 16:43:46]_bio_alarm.py] ==================================================
[[2026-06-17 16:43:46]_bio_alarm.py] 🎯 [수동 검증 모드] 파라미터가 감지되었습니다.
[[2026-06-17 16:43:46]_bio_alarm.py] 🎯 대상 날짜: 2026/06/17 / 대상 시간 대역: 07시
[[2026-06-17 16:43:46]_bio_alarm.py] ==================================================
[[2026-06-17 16:43:46]_bio_alarm.py] [검색결과] 대상날짜: 2026/06/17 / 시간대: 07시 / 근무형태: 주간
[[2026-06-17 16:43:46]_bio_alarm.py] - [TEST MODE] 시간 조건 검사를 강제 통과합니다.
[[2026-06-17 16:43:46]_bio_alarm.py] [BUILD MESSAGE]
[오늘의_근무 06/17(목) - 주간]
▸ 산업지원동 : 이기수
▸ 글로벌센터 : 박성현
▸ 외      곽1 : 허지웅
▸ 외      곽2 : 정윤준

-------------------------
🏠 용역원실   : 허지웅
-------------------------

🔗 시간표 확인
https://bio.oxisnail.top
https://bio.oxisnail.top/timetable.html

[[2026-06-17 16:43:47]_bio_alarm.py] - NTFY.SH 전송 완료 (Target: sbhtest)
[[2026-06-17 16:57:35]_bio_alarm.py] ### 스크립트 실시간 서비스 데몬 기동 (JSON 캐시 스캔 모드) ###
