2026-06-07 07:09:51 [INFO] [schedule_2026_bio.xlsm] 캐시 업데이트 시작
2026-06-07 07:09:53 [INFO] [30398] 성공: /home/oxisnail/work/timetable/data/schedule_2026_bio.json (총 366일치 데이터 완료)
2026-06-07 07:09:53 [INFO] [schedule_2026_power.xlsm] 캐시 업데이트 시작
2026-06-07 07:09:54 [INFO] [30398] 성공: /home/oxisnail/work/timetable/data/schedule_2026_power.json (총 366일치 데이터 완료)
2026-06-07 07:56:48 [INFO] ================ 크론 캐시 일원화 배치 시작 ================
2026-06-07 07:56:48 [INFO] [시간표] schedule_2026_bio.xlsm 캐시 업데이트 시작
2026-06-07 07:56:49 [INFO] [시간표] 성공: /home/oxisnail/work/timetable/data/schedule_2026_bio.json (총 366일치 완료)
2026-06-07 07:56:49 [INFO] [시간표] schedule_2026_power.xlsm 캐시 업데이트 시작
2026-06-07 07:56:50 [INFO] [시간표] 성공: /home/oxisnail/work/timetable/data/schedule_2026_power.json (총 366일치 완료)
2026-06-07 07:56:50 [INFO] [예정업무] 캐시 업데이트 시작
2026-06-07 07:56:51 [INFO] [예정업무] 성공: /home/oxisnail/work/timetable/data/bio_mission.json (날짜 1건 / 요일 2건 완료)
2026-06-07 07:56:51 [INFO] [이사정보] 구글 스프레드시트 스크래핑 시작
2026-06-07 07:56:52 [INFO] [이사정보] 성공: /home/oxisnail/work/timetable/data/bio_move.json (오늘 0건 / 내일 0건 완료)
2026-06-07 07:56:52 [INFO] ================ 크론 캐시 일원화 배치 완료 ================
2026-06-17 11:21:56 [INFO] ================ 시간표 캐시 업데이트 시작 ================
2026-06-17 11:21:56 [INFO] [시간표] schedule_2026_bio.xlsm 캐시 업데이트 시작
2026-06-17 11:21:57 [INFO] [시간표] 성공: /home/oxisnail/work/git/sbh/script/data/schedule_2026_bio.json (총 366일치 완료)
2026-06-17 11:21:57 [INFO] [시간표] schedule_2026_power.xlsm 캐시 업데이트 시작
2026-06-17 11:21:59 [INFO] [시간표] 성공: /home/oxisnail/work/git/sbh/script/data/schedule_2026_power.json (총 366일치 완료)
2026-06-17 11:21:59 [INFO] ================ 시간표 캐시 업데이트 완료 ================
2026-06-17 11:28:11 [INFO] ================ 시간표 캐시 업데이트 시작 ================
2026-06-17 11:28:11 [INFO] [시간표] schedule_2026_bio.xlsm 캐시 업데이트 시작
2026-06-17 11:28:13 [INFO] [시간표] 성공: /home/oxisnail/work/git/sbh/script/data/schedule_2026_bio.json (총 366일치 완료)
2026-06-17 11:28:13 [INFO] [시간표] schedule_2026_power.xlsm 캐시 업데이트 시작
2026-06-17 11:28:14 [INFO] [시간표] 성공: /home/oxisnail/work/git/sbh/script/data/schedule_2026_power.json (총 366일치 완료)
2026-06-17 11:28:14 [INFO] ================ 시간표 캐시 업데이트 완료 ================
2026-06-17 11:31:59 [INFO] ================ 시간표 캐시 업데이트 시작 ================
2026-06-17 11:31:59 [INFO] [시간표] schedule_2026_bio.xlsm 캐시 업데이트 시작
2026-06-17 11:32:00 [INFO] [시간표] 성공: /home/oxisnail/work/git/sbh/script/data/schedule_2026_bio.json (총 366일치 완료)
2026-06-17 11:32:00 [INFO] [시간표] schedule_2026_power.xlsm 캐시 업데이트 시작
2026-06-17 11:32:01 [INFO] [시간표] 성공: /home/oxisnail/work/git/sbh/script/data/schedule_2026_power.json (총 366일치 완료)
2026-06-17 11:32:01 [INFO] ================ 시간표 캐시 업데이트 완료 ================
2026-06-17 11:42:04 [INFO] ================ 시간표 캐시 업데이트 시작 ================
2026-06-17 11:42:04 [WARNING] [시간표] 파일이 존재하지 않아 건너뜜: /home/oxisnail/work/git/sbh/script/data/schedule_2026_bio.xlsm
2026-06-17 11:42:05 [INFO] [시간표] schedule_2026_power.xlsm 캐시 업데이트 시작
2026-06-17 11:42:06 [INFO] [시간표] 성공: /home/oxisnail/work/git/sbh/script/data/schedule_2026_power.json (총 366일치 완료)
2026-06-17 11:42:06 [INFO] ================ 시간표 캐시 업데이트 완료 ================
2026-06-17 11:50:43 [INFO] ================ 시간표 캐시 업데이트 시작 ================
2026-06-17 11:50:43 [ERROR] [시간표] schedule_2026_bio.xlsm 처리 중 에러 발생: 필수 엑셀 파일이 존재하지 않습니다: /home/oxisnail/work/git/sbh/script/data/schedule_2026_bio.xlsm
Traceback (most recent call last):
  File "/home/oxisnail/work/git/sbh/script/./schedule_json_gen.py", line 80, in update_schedule_cache
    raise FileNotFoundError(f"필수 엑셀 파일이 존재하지 않습니다: {file_path}")
FileNotFoundError: 필수 엑셀 파일이 존재하지 않습니다: /home/oxisnail/work/git/sbh/script/data/schedule_2026_bio.xlsm
2026-06-17 11:52:31 [INFO] ================ 시간표 캐시 업데이트 시작 ================
2026-06-17 11:52:31 [ERROR] [시간표] schedule_2026_bio.xlsm 처리 중 에러 발생: 필수 엑셀 파일이 존재하지 않습니다: /home/oxisnail/work/git/sbh/script/data/schedule_2026_bio.xlsm
Traceback (most recent call last):
  File "/home/oxisnail/work/git/sbh/script/./schedule_json_gen.py", line 82, in update_schedule_cache
    raise FileNotFoundError(f"필수 엑셀 파일이 존재하지 않습니다: {file_path}")
FileNotFoundError: 필수 엑셀 파일이 존재하지 않습니다: /home/oxisnail/work/git/sbh/script/data/schedule_2026_bio.xlsm
2026-06-17 11:53:23 [INFO] ================ 시간표 캐시 업데이트 시작 ================
2026-06-17 11:53:23 [ERROR] [시간표] schedule_2026_bio.xlsm 처리 중 에러 발생: 필수 엑셀 파일이 존재하지 않습니다: /home/oxisnail/work/git/sbh/script/data/schedule_2026_bio.xlsm
Traceback (most recent call last):
  File "/home/oxisnail/work/git/sbh/script/./schedule_json_gen.py", line 82, in update_schedule_cache
    raise FileNotFoundError(f"필수 엑셀 파일이 존재하지 않습니다: {file_path}")
FileNotFoundError: 필수 엑셀 파일이 존재하지 않습니다: /home/oxisnail/work/git/sbh/script/data/schedule_2026_bio.xlsm
2026-06-17 11:54:20 [INFO] ================ 시간표 캐시 업데이트 시작 ================
2026-06-17 11:54:20 [ERROR] [시간표] schedule_2026_bio.xlsm 처리 중 에러 발생: 필수 엑셀 파일이 존재하지 않습니다: /home/oxisnail/work/git/sbh/script/data/schedule_2026_bio.xlsm
Traceback (most recent call last):
  File "/home/oxisnail/work/git/sbh/script/./schedule_json_gen.py", line 82, in update_schedule_cache
    raise FileNotFoundError(f"필수 엑셀 파일이 존재하지 않습니다: {file_path}")
FileNotFoundError: 필수 엑셀 파일이 존재하지 않습니다: /home/oxisnail/work/git/sbh/script/data/schedule_2026_bio.xlsm
2026-06-17 11:54:21 [ERROR] [ntfy] 알림 전송 실패: 'latin-1' codec can't encode character '\U0001f6a8' in position 0: ordinal not in range(256)
Traceback (most recent call last):
  File "/home/oxisnail/work/git/sbh/script/./schedule_json_gen.py", line 82, in update_schedule_cache
    raise FileNotFoundError(f"필수 엑셀 파일이 존재하지 않습니다: {file_path}")
FileNotFoundError: 필수 엑셀 파일이 존재하지 않습니다: /home/oxisnail/work/git/sbh/script/data/schedule_2026_bio.xlsm

During handling of the above exception, another exception occurred:

Traceback (most recent call last):
  File "/home/oxisnail/work/git/sbh/script/./schedule_json_gen.py", line 56, in send_ntfy_notification
    requests.post(
  File "/usr/lib/python3/dist-packages/requests/api.py", line 115, in post
    return request("post", url, data=data, json=json, **kwargs)
           ^^^^^^^^^^^^^^^^^^^^^^^^^^^^^^^^^^^^^^^^^^^^^^^^^^^^
  File "/usr/lib/python3/dist-packages/requests/api.py", line 59, in request
    return session.request(method=method, url=url, **kwargs)
           ^^^^^^^^^^^^^^^^^^^^^^^^^^^^^^^^^^^^^^^^^^^^^^^^^
  File "/usr/lib/python3/dist-packages/requests/sessions.py", line 589, in request
    resp = self.send(prep, **send_kwargs)
           ^^^^^^^^^^^^^^^^^^^^^^^^^^^^^^
  File "/usr/lib/python3/dist-packages/requests/sessions.py", line 703, in send
    r = adapter.send(request, **kwargs)
        ^^^^^^^^^^^^^^^^^^^^^^^^^^^^^^^
  File "/usr/lib/python3/dist-packages/requests/adapters.py", line 486, in send
    resp = conn.urlopen(
           ^^^^^^^^^^^^^
  File "/usr/lib/python3/dist-packages/urllib3/connectionpool.py", line 791, in urlopen
    response = self._make_request(
               ^^^^^^^^^^^^^^^^^^^
  File "/usr/lib/python3/dist-packages/urllib3/connectionpool.py", line 497, in _make_request
    conn.request(
  File "/usr/lib/python3/dist-packages/urllib3/connection.py", line 394, in request
    self.putheader(header, value)
  File "/usr/lib/python3/dist-packages/urllib3/connection.py", line 308, in putheader
    super().putheader(header, *values)
  File "/usr/lib/python3.12/http/client.py", line 1329, in putheader
    values[i] = one_value.encode('latin-1')
                ^^^^^^^^^^^^^^^^^^^^^^^^^^^
UnicodeEncodeError: 'latin-1' codec can't encode character '\U0001f6a8' in position 0: ordinal not in range(256)
2026-06-17 11:54:21 [INFO] [시간표] schedule_2026_power.xlsm 캐시 업데이트 시작
2026-06-17 11:54:22 [INFO] [시간표] 성공: /home/oxisnail/work/git/sbh/script/data/schedule_2026_power.json (총 366일치 완료)
2026-06-17 11:54:22 [INFO] ================ 시간표 캐시 업데이트 완료 ================
2026-06-17 11:55:59 [INFO] ================ 시간표 캐시 업데이트 시작 ================
2026-06-17 11:55:59 [ERROR] [시간표] schedule_2026_bio.xlsm 처리 중 에러 발생: 필수 엑셀 파일이 존재하지 않습니다: /home/oxisnail/work/git/sbh/script/data/schedule_2026_bio.xlsm
Traceback (most recent call last):
  File "/home/oxisnail/work/git/sbh/script/./schedule_json_gen.py", line 81, in update_schedule_cache
    raise FileNotFoundError(f"필수 엑셀 파일이 존재하지 않습니다: {file_path}")
FileNotFoundError: 필수 엑셀 파일이 존재하지 않습니다: /home/oxisnail/work/git/sbh/script/data/schedule_2026_bio.xlsm
2026-06-17 12:28:38 [INFO] ================ 시간표 캐시 업데이트 시작 ================
2026-06-17 12:28:38 [ERROR] [시간표] schedule_2026_bio.xlsm 처리 중 에러 발생: 필수 엑셀 파일이 존재하지 않습니다: /home/oxisnail/work/git/sbh/script/data/schedule_2026_bio.xlsm
Traceback (most recent call last):
  File "/home/oxisnail/work/git/sbh/script/./schedule_json_gen.py", line 82, in update_schedule_cache
    raise FileNotFoundError(f"필수 엑셀 파일이 존재하지 않습니다: {file_path}")
FileNotFoundError: 필수 엑셀 파일이 존재하지 않습니다: /home/oxisnail/work/git/sbh/script/data/schedule_2026_bio.xlsm
2026-06-17 12:28:39 [ERROR] [ntfy] 알림 전송 실패: name 'response' is not defined
Traceback (most recent call last):
  File "/home/oxisnail/work/git/sbh/script/./schedule_json_gen.py", line 82, in update_schedule_cache
    raise FileNotFoundError(f"필수 엑셀 파일이 존재하지 않습니다: {file_path}")
FileNotFoundError: 필수 엑셀 파일이 존재하지 않습니다: /home/oxisnail/work/git/sbh/script/data/schedule_2026_bio.xlsm

During handling of the above exception, another exception occurred:

Traceback (most recent call last):
  File "/home/oxisnail/work/git/sbh/script/./schedule_json_gen.py", line 66, in send_ntfy_notification
    response.raise_for_status()
    ^^^^^^^^
NameError: name 'response' is not defined
2026-06-17 12:28:39 [INFO] [시간표] schedule_2026_power.xlsm 캐시 업데이트 시작
2026-06-17 12:28:40 [INFO] [시간표] 성공: /home/oxisnail/work/git/sbh/script/data/schedule_2026_power.json (총 366일치 완료)
2026-06-17 12:28:40 [INFO] ================ 시간표 캐시 업데이트 완료 ================
2026-06-17 12:31:14 [INFO] ================ 시간표 캐시 업데이트 시작 ================
2026-06-17 12:31:14 [ERROR] [시간표] schedule_2026_bio.xlsm 처리 중 에러 발생: 필수 엑셀 파일이 존재하지 않습니다: /home/oxisnail/work/git/sbh/script/data/schedule_2026_bio.xlsm
Traceback (most recent call last):
  File "/home/oxisnail/work/git/sbh/script/./schedule_json_gen.py", line 89, in update_schedule_cache
    raise FileNotFoundError(f"필수 엑셀 파일이 존재하지 않습니다: {file_path}")
FileNotFoundError: 필수 엑셀 파일이 존재하지 않습니다: /home/oxisnail/work/git/sbh/script/data/schedule_2026_bio.xlsm
2026-06-17 12:31:15 [INFO] [ntfy] 알림 전송 성공
2026-06-17 12:31:15 [INFO] [시간표] schedule_2026_power.xlsm 캐시 업데이트 시작
2026-06-17 12:31:16 [INFO] [시간표] 성공: /home/oxisnail/work/git/sbh/script/data/schedule_2026_power.json (총 366일치 완료)
2026-06-17 12:31:16 [INFO] ================ 시간표 캐시 업데이트 완료 ================
2026-06-17 12:31:37 [INFO] ================ 시간표 캐시 업데이트 시작 ================
2026-06-17 12:31:37 [ERROR] [시간표] schedule_2026_bio.xlsm 처리 중 에러 발생: 필수 엑셀 파일이 존재하지 않습니다: /home/oxisnail/work/git/sbh/script/data/schedule_2026_bio.xlsm
Traceback (most recent call last):
  File "/home/oxisnail/work/git/sbh/script/./schedule_json_gen.py", line 89, in update_schedule_cache
    raise FileNotFoundError(f"필수 엑셀 파일이 존재하지 않습니다: {file_path}")
FileNotFoundError: 필수 엑셀 파일이 존재하지 않습니다: /home/oxisnail/work/git/sbh/script/data/schedule_2026_bio.xlsm
2026-06-17 12:31:38 [ERROR] [ntfy] 알림 전송 실패 원인: 400 Client Error: Bad Request for url: https://ntfy.sh/oxinotify
Traceback (most recent call last):
  File "/home/oxisnail/work/git/sbh/script/./schedule_json_gen.py", line 89, in update_schedule_cache
    raise FileNotFoundError(f"필수 엑셀 파일이 존재하지 않습니다: {file_path}")
FileNotFoundError: 필수 엑셀 파일이 존재하지 않습니다: /home/oxisnail/work/git/sbh/script/data/schedule_2026_bio.xlsm

During handling of the above exception, another exception occurred:

Traceback (most recent call last):
  File "/home/oxisnail/work/git/sbh/script/./schedule_json_gen.py", line 74, in send_ntfy_notification
    res.raise_for_status()
  File "/usr/lib/python3/dist-packages/requests/models.py", line 1021, in raise_for_status
    raise HTTPError(http_error_msg, response=self)
requests.exceptions.HTTPError: 400 Client Error: Bad Request for url: https://ntfy.sh/oxinotify
2026-06-17 12:31:38 [INFO] [시간표] schedule_2026_power.xlsm 캐시 업데이트 시작
2026-06-17 12:31:39 [INFO] [시간표] 성공: /home/oxisnail/work/git/sbh/script/data/schedule_2026_power.json (총 366일치 완료)
2026-06-17 12:31:39 [INFO] ================ 시간표 캐시 업데이트 완료 ================
2026-06-17 12:40:47 [INFO] ================ 시간표 캐시 업데이트 시작 ================
2026-06-17 12:40:47 [INFO] [시간표] schedule_2026_bio.xlsm 캐시 업데이트 시작
2026-06-17 12:40:48 [INFO] [시간표] 성공: /home/oxisnail/work/git/sbh/script/data/schedule_2026_bio.json (총 366일치 완료)
2026-06-17 12:40:48 [INFO] [시간표] schedule_2026_power.xlsm 캐시 업데이트 시작
2026-06-17 12:40:50 [INFO] [시간표] 성공: /home/oxisnail/work/git/sbh/script/data/schedule_2026_power.json (총 366일치 완료)
2026-06-17 12:40:50 [INFO] ================ 시간표 캐시 업데이트 완료 ================
2026-06-17 12:53:06 [INFO] ================ 시간표 캐시 업데이트 시작 ================
2026-06-17 12:53:06 [INFO] [시간표] schedule_2026_bio.xlsm 캐시 업데이트 시작
2026-06-17 12:53:07 [INFO] [시간표] 성공: /home/oxisnail/work/git/sbh/script/data/schedule_2026_bio.json (총 366일치 완료)
2026-06-17 12:53:07 [INFO] [시간표] schedule_2026_power.xlsm 캐시 업데이트 시작
2026-06-17 12:53:08 [INFO] [시간표] 성공: /home/oxisnail/work/git/sbh/script/data/schedule_2026_power.json (총 366일치 완료)
2026-06-17 12:53:08 [INFO] ================ 시간표 캐시 업데이트 완료 ================
